0 info it worked if it ends with ok
1 verbose cli [ '/usr/bin/node', '/usr/bin/npm', 'install' ]
2 info using npm@2.15.0
3 info using node@v0.10.44
4 verbose node symlink /usr/bin/node
5 verbose readDependencies loading dependencies from /home/elvis/www/alertcam/front-end/package.json
6 warn package.json alertcam@1.0.0 No repository field.
7 warn package.json alertcam@1.0.0 No README data
8 warn package.json Dependency 'angular' exists in both dependencies and devDependencies, using 'angular@^1.5.5' from dependencies
9 verbose install where, deps [ '/home/elvis/www/alertcam/front-end',
9 verbose install   [ 'angular',
9 verbose install     'bootstrap',
9 verbose install     'gulp',
9 verbose install     'gulp-connect',
9 verbose install     'gulp-ruby-sass',
9 verbose install     'http-server',
9 verbose install     'angular-route',
9 verbose install     'angular-loader',
9 verbose install     'angular-mocks',
9 verbose install     'html5-boilerplate',
9 verbose install     'jasmine-core',
9 verbose install     'karma',
9 verbose install     'karma-chrome-launcher',
9 verbose install     'karma-firefox-launcher',
9 verbose install     'karma-jasmine',
9 verbose install     'karma-junit-reporter',
9 verbose install     'protractor',
9 verbose install     'shelljs' ] ]
10 verbose install where, peers [ '/home/elvis/www/alertcam/front-end', [] ]
11 verbose installManyTop reading for lifecycle /home/elvis/www/alertcam/front-end/package.json
12 info preinstall alertcam@1.0.0
13 verbose installManyTop reading scoped package data from /home/elvis/www/alertcam/front-end/node_modules/angular/package.json
14 verbose installManyTop reading scoped package data from /home/elvis/www/alertcam/front-end/node_modules/bootstrap/package.json
15 verbose installManyTop reading scoped package data from /home/elvis/www/alertcam/front-end/node_modules/gulp-connect/package.json
16 verbose installManyTop reading scoped package data from /home/elvis/www/alertcam/front-end/node_modules/gulp-ruby-sass/package.json
17 verbose readDependencies loading dependencies from /home/elvis/www/alertcam/front-end/package.json
18 verbose targetResolver reading package data from /home/elvis/www/alertcam/front-end/node_modules/angular/package.json
19 verbose targetResolver reading package data from /home/elvis/www/alertcam/front-end/node_modules/bootstrap/package.json
20 verbose targetResolver reading package data from /home/elvis/www/alertcam/front-end/node_modules/gulp-connect/package.json
21 verbose targetResolver reading package data from /home/elvis/www/alertcam/front-end/node_modules/gulp-ruby-sass/package.json
22 silly cache add args [ 'http-server@^0.6.1', null ]
23 verbose cache add spec http-server@^0.6.1
24 silly cache add parsed spec { raw: 'http-server@^0.6.1',
24 silly cache add   scope: null,
24 silly cache add   name: 'http-server',
24 silly cache add   rawSpec: '^0.6.1',
24 silly cache add   spec: '>=0.6.1 <0.7.0',
24 silly cache add   type: 'range' }
25 silly addNamed http-server@>=0.6.1 <0.7.0
26 verbose addNamed ">=0.6.1 <0.7.0" is a valid semver range for http-server
27 silly addNameRange { name: 'http-server', range: '>=0.6.1 <0.7.0', hasData: false }
28 silly mapToRegistry name http-server
29 silly mapToRegistry using default registry
30 silly mapToRegistry registry https://registry.npmjs.org/
31 silly mapToRegistry data { raw: 'http-server',
31 silly mapToRegistry   scope: null,
31 silly mapToRegistry   name: 'http-server',
31 silly mapToRegistry   rawSpec: '',
31 silly mapToRegistry   spec: 'latest',
31 silly mapToRegistry   type: 'tag' }
32 silly mapToRegistry uri https://registry.npmjs.org/http-server
33 verbose addNameRange registry:https://registry.npmjs.org/http-server not in flight; fetching
34 silly cache add args [ 'angular-route@~1.4.0', null ]
35 verbose cache add spec angular-route@~1.4.0
36 silly cache add parsed spec { raw: 'angular-route@~1.4.0',
36 silly cache add   scope: null,
36 silly cache add   name: 'angular-route',
36 silly cache add   rawSpec: '~1.4.0',
36 silly cache add   spec: '>=1.4.0 <1.5.0',
36 silly cache add   type: 'range' }
37 silly addNamed angular-route@>=1.4.0 <1.5.0
38 verbose addNamed ">=1.4.0 <1.5.0" is a valid semver range for angular-route
39 silly addNameRange { name: 'angular-route',
39 silly addNameRange   range: '>=1.4.0 <1.5.0',
39 silly addNameRange   hasData: false }
40 silly mapToRegistry name angular-route
41 silly mapToRegistry using default registry
42 silly mapToRegistry registry https://registry.npmjs.org/
43 silly mapToRegistry data { raw: 'angular-route',
43 silly mapToRegistry   scope: null,
43 silly mapToRegistry   name: 'angular-route',
43 silly mapToRegistry   rawSpec: '',
43 silly mapToRegistry   spec: 'latest',
43 silly mapToRegistry   type: 'tag' }
44 silly mapToRegistry uri https://registry.npmjs.org/angular-route
45 verbose addNameRange registry:https://registry.npmjs.org/angular-route not in flight; fetching
46 silly cache add args [ 'angular-loader@~1.4.0', null ]
47 verbose cache add spec angular-loader@~1.4.0
48 silly cache add parsed spec { raw: 'angular-loader@~1.4.0',
48 silly cache add   scope: null,
48 silly cache add   name: 'angular-loader',
48 silly cache add   rawSpec: '~1.4.0',
48 silly cache add   spec: '>=1.4.0 <1.5.0',
48 silly cache add   type: 'range' }
49 silly addNamed angular-loader@>=1.4.0 <1.5.0
50 verbose addNamed ">=1.4.0 <1.5.0" is a valid semver range for angular-loader
51 silly addNameRange { name: 'angular-loader',
51 silly addNameRange   range: '>=1.4.0 <1.5.0',
51 silly addNameRange   hasData: false }
52 silly mapToRegistry name angular-loader
53 silly mapToRegistry using default registry
54 silly mapToRegistry registry https://registry.npmjs.org/
55 silly mapToRegistry data { raw: 'angular-loader',
55 silly mapToRegistry   scope: null,
55 silly mapToRegistry   name: 'angular-loader',
55 silly mapToRegistry   rawSpec: '',
55 silly mapToRegistry   spec: 'latest',
55 silly mapToRegistry   type: 'tag' }
56 silly mapToRegistry uri https://registry.npmjs.org/angular-loader
57 verbose addNameRange registry:https://registry.npmjs.org/angular-loader not in flight; fetching
58 silly cache add args [ 'angular-mocks@~1.4.0', null ]
59 verbose cache add spec angular-mocks@~1.4.0
60 silly cache add parsed spec { raw: 'angular-mocks@~1.4.0',
60 silly cache add   scope: null,
60 silly cache add   name: 'angular-mocks',
60 silly cache add   rawSpec: '~1.4.0',
60 silly cache add   spec: '>=1.4.0 <1.5.0',
60 silly cache add   type: 'range' }
61 silly addNamed angular-mocks@>=1.4.0 <1.5.0
62 verbose addNamed ">=1.4.0 <1.5.0" is a valid semver range for angular-mocks
63 silly addNameRange { name: 'angular-mocks',
63 silly addNameRange   range: '>=1.4.0 <1.5.0',
63 silly addNameRange   hasData: false }
64 silly mapToRegistry name angular-mocks
65 silly mapToRegistry using default registry
66 silly mapToRegistry registry https://registry.npmjs.org/
67 silly mapToRegistry data { raw: 'angular-mocks',
67 silly mapToRegistry   scope: null,
67 silly mapToRegistry   name: 'angular-mocks',
67 silly mapToRegistry   rawSpec: '',
67 silly mapToRegistry   spec: 'latest',
67 silly mapToRegistry   type: 'tag' }
68 silly mapToRegistry uri https://registry.npmjs.org/angular-mocks
69 verbose addNameRange registry:https://registry.npmjs.org/angular-mocks not in flight; fetching
70 silly cache add args [ 'html5-boilerplate@~5.2.0', null ]
71 verbose cache add spec html5-boilerplate@~5.2.0
72 silly cache add parsed spec { raw: 'html5-boilerplate@~5.2.0',
72 silly cache add   scope: null,
72 silly cache add   name: 'html5-boilerplate',
72 silly cache add   rawSpec: '~5.2.0',
72 silly cache add   spec: '>=5.2.0 <5.3.0',
72 silly cache add   type: 'range' }
73 silly addNamed html5-boilerplate@>=5.2.0 <5.3.0
74 verbose addNamed ">=5.2.0 <5.3.0" is a valid semver range for html5-boilerplate
75 silly addNameRange { name: 'html5-boilerplate',
75 silly addNameRange   range: '>=5.2.0 <5.3.0',
75 silly addNameRange   hasData: false }
76 silly mapToRegistry name html5-boilerplate
77 silly mapToRegistry using default registry
78 silly mapToRegistry registry https://registry.npmjs.org/
79 silly mapToRegistry data { raw: 'html5-boilerplate',
79 silly mapToRegistry   scope: null,
79 silly mapToRegistry   name: 'html5-boilerplate',
79 silly mapToRegistry   rawSpec: '',
79 silly mapToRegistry   spec: 'latest',
79 silly mapToRegistry   type: 'tag' }
80 silly mapToRegistry uri https://registry.npmjs.org/html5-boilerplate
81 verbose addNameRange registry:https://registry.npmjs.org/html5-boilerplate not in flight; fetching
82 silly cache add args [ 'jasmine-core@^2.3.4', null ]
83 verbose cache add spec jasmine-core@^2.3.4
84 silly cache add parsed spec { raw: 'jasmine-core@^2.3.4',
84 silly cache add   scope: null,
84 silly cache add   name: 'jasmine-core',
84 silly cache add   rawSpec: '^2.3.4',
84 silly cache add   spec: '>=2.3.4 <3.0.0',
84 silly cache add   type: 'range' }
85 silly addNamed jasmine-core@>=2.3.4 <3.0.0
86 verbose addNamed ">=2.3.4 <3.0.0" is a valid semver range for jasmine-core
87 silly addNameRange { name: 'jasmine-core', range: '>=2.3.4 <3.0.0', hasData: false }
88 silly mapToRegistry name jasmine-core
89 silly mapToRegistry using default registry
90 silly mapToRegistry registry https://registry.npmjs.org/
91 silly mapToRegistry data { raw: 'jasmine-core',
91 silly mapToRegistry   scope: null,
91 silly mapToRegistry   name: 'jasmine-core',
91 silly mapToRegistry   rawSpec: '',
91 silly mapToRegistry   spec: 'latest',
91 silly mapToRegistry   type: 'tag' }
92 silly mapToRegistry uri https://registry.npmjs.org/jasmine-core
93 verbose addNameRange registry:https://registry.npmjs.org/jasmine-core not in flight; fetching
94 silly cache add args [ 'karma@~0.12', null ]
95 verbose cache add spec karma@~0.12
96 silly cache add parsed spec { raw: 'karma@~0.12',
96 silly cache add   scope: null,
96 silly cache add   name: 'karma',
96 silly cache add   rawSpec: '~0.12',
96 silly cache add   spec: '>=0.12.0 <0.13.0',
96 silly cache add   type: 'range' }
97 silly addNamed karma@>=0.12.0 <0.13.0
98 verbose addNamed ">=0.12.0 <0.13.0" is a valid semver range for karma
99 silly addNameRange { name: 'karma', range: '>=0.12.0 <0.13.0', hasData: false }
100 silly mapToRegistry name karma
101 silly mapToRegistry using default registry
102 silly mapToRegistry registry https://registry.npmjs.org/
103 silly mapToRegistry data { raw: 'karma',
103 silly mapToRegistry   scope: null,
103 silly mapToRegistry   name: 'karma',
103 silly mapToRegistry   rawSpec: '',
103 silly mapToRegistry   spec: 'latest',
103 silly mapToRegistry   type: 'tag' }
104 silly mapToRegistry uri https://registry.npmjs.org/karma
105 verbose addNameRange registry:https://registry.npmjs.org/karma not in flight; fetching
106 silly cache add args [ 'karma-chrome-launcher@^0.1.12', null ]
107 verbose cache add spec karma-chrome-launcher@^0.1.12
108 silly cache add parsed spec { raw: 'karma-chrome-launcher@^0.1.12',
108 silly cache add   scope: null,
108 silly cache add   name: 'karma-chrome-launcher',
108 silly cache add   rawSpec: '^0.1.12',
108 silly cache add   spec: '>=0.1.12 <0.2.0',
108 silly cache add   type: 'range' }
109 silly addNamed karma-chrome-launcher@>=0.1.12 <0.2.0
110 verbose addNamed ">=0.1.12 <0.2.0" is a valid semver range for karma-chrome-launcher
111 silly addNameRange { name: 'karma-chrome-launcher',
111 silly addNameRange   range: '>=0.1.12 <0.2.0',
111 silly addNameRange   hasData: false }
112 silly mapToRegistry name karma-chrome-launcher
113 silly mapToRegistry using default registry
114 silly mapToRegistry registry https://registry.npmjs.org/
115 silly mapToRegistry data { raw: 'karma-chrome-launcher',
115 silly mapToRegistry   scope: null,
115 silly mapToRegistry   name: 'karma-chrome-launcher',
115 silly mapToRegistry   rawSpec: '',
115 silly mapToRegistry   spec: 'latest',
115 silly mapToRegistry   type: 'tag' }
116 silly mapToRegistry uri https://registry.npmjs.org/karma-chrome-launcher
117 verbose addNameRange registry:https://registry.npmjs.org/karma-chrome-launcher not in flight; fetching
118 silly cache add args [ 'karma-firefox-launcher@^0.1.6', null ]
119 verbose cache add spec karma-firefox-launcher@^0.1.6
120 silly cache add parsed spec { raw: 'karma-firefox-launcher@^0.1.6',
120 silly cache add   scope: null,
120 silly cache add   name: 'karma-firefox-launcher',
120 silly cache add   rawSpec: '^0.1.6',
120 silly cache add   spec: '>=0.1.6 <0.2.0',
120 silly cache add   type: 'range' }
121 silly addNamed karma-firefox-launcher@>=0.1.6 <0.2.0
122 verbose addNamed ">=0.1.6 <0.2.0" is a valid semver range for karma-firefox-launcher
123 silly addNameRange { name: 'karma-firefox-launcher',
123 silly addNameRange   range: '>=0.1.6 <0.2.0',
123 silly addNameRange   hasData: false }
124 silly mapToRegistry name karma-firefox-launcher
125 silly mapToRegistry using default registry
126 silly mapToRegistry registry https://registry.npmjs.org/
127 silly mapToRegistry data { raw: 'karma-firefox-launcher',
127 silly mapToRegistry   scope: null,
127 silly mapToRegistry   name: 'karma-firefox-launcher',
127 silly mapToRegistry   rawSpec: '',
127 silly mapToRegistry   spec: 'latest',
127 silly mapToRegistry   type: 'tag' }
128 silly mapToRegistry uri https://registry.npmjs.org/karma-firefox-launcher
129 verbose addNameRange registry:https://registry.npmjs.org/karma-firefox-launcher not in flight; fetching
130 silly cache add args [ 'karma-jasmine@^0.3.5', null ]
131 verbose cache add spec karma-jasmine@^0.3.5
132 silly cache add parsed spec { raw: 'karma-jasmine@^0.3.5',
132 silly cache add   scope: null,
132 silly cache add   name: 'karma-jasmine',
132 silly cache add   rawSpec: '^0.3.5',
132 silly cache add   spec: '>=0.3.5 <0.4.0',
132 silly cache add   type: 'range' }
133 silly addNamed karma-jasmine@>=0.3.5 <0.4.0
134 verbose addNamed ">=0.3.5 <0.4.0" is a valid semver range for karma-jasmine
135 silly addNameRange { name: 'karma-jasmine',
135 silly addNameRange   range: '>=0.3.5 <0.4.0',
135 silly addNameRange   hasData: false }
136 silly mapToRegistry name karma-jasmine
137 silly mapToRegistry using default registry
138 silly mapToRegistry registry https://registry.npmjs.org/
139 silly mapToRegistry data { raw: 'karma-jasmine',
139 silly mapToRegistry   scope: null,
139 silly mapToRegistry   name: 'karma-jasmine',
139 silly mapToRegistry   rawSpec: '',
139 silly mapToRegistry   spec: 'latest',
139 silly mapToRegistry   type: 'tag' }
140 silly mapToRegistry uri https://registry.npmjs.org/karma-jasmine
141 verbose addNameRange registry:https://registry.npmjs.org/karma-jasmine not in flight; fetching
142 silly cache add args [ 'karma-junit-reporter@^0.2.2', null ]
143 verbose cache add spec karma-junit-reporter@^0.2.2
144 silly cache add parsed spec { raw: 'karma-junit-reporter@^0.2.2',
144 silly cache add   scope: null,
144 silly cache add   name: 'karma-junit-reporter',
144 silly cache add   rawSpec: '^0.2.2',
144 silly cache add   spec: '>=0.2.2 <0.3.0',
144 silly cache add   type: 'range' }
145 silly addNamed karma-junit-reporter@>=0.2.2 <0.3.0
146 verbose addNamed ">=0.2.2 <0.3.0" is a valid semver range for karma-junit-reporter
147 silly addNameRange { name: 'karma-junit-reporter',
147 silly addNameRange   range: '>=0.2.2 <0.3.0',
147 silly addNameRange   hasData: false }
148 silly mapToRegistry name karma-junit-reporter
149 silly mapToRegistry using default registry
150 silly mapToRegistry registry https://registry.npmjs.org/
151 silly mapToRegistry data { raw: 'karma-junit-reporter',
151 silly mapToRegistry   scope: null,
151 silly mapToRegistry   name: 'karma-junit-reporter',
151 silly mapToRegistry   rawSpec: '',
151 silly mapToRegistry   spec: 'latest',
151 silly mapToRegistry   type: 'tag' }
152 silly mapToRegistry uri https://registry.npmjs.org/karma-junit-reporter
153 verbose addNameRange registry:https://registry.npmjs.org/karma-junit-reporter not in flight; fetching
154 silly cache add args [ 'protractor@^2.1.0', null ]
155 verbose cache add spec protractor@^2.1.0
156 silly cache add parsed spec { raw: 'protractor@^2.1.0',
156 silly cache add   scope: null,
156 silly cache add   name: 'protractor',
156 silly cache add   rawSpec: '^2.1.0',
156 silly cache add   spec: '>=2.1.0 <3.0.0',
156 silly cache add   type: 'range' }
157 silly addNamed protractor@>=2.1.0 <3.0.0
158 verbose addNamed ">=2.1.0 <3.0.0" is a valid semver range for protractor
159 silly addNameRange { name: 'protractor', range: '>=2.1.0 <3.0.0', hasData: false }
160 silly mapToRegistry name protractor
161 silly mapToRegistry using default registry
162 silly mapToRegistry registry https://registry.npmjs.org/
163 silly mapToRegistry data { raw: 'protractor',
163 silly mapToRegistry   scope: null,
163 silly mapToRegistry   name: 'protractor',
163 silly mapToRegistry   rawSpec: '',
163 silly mapToRegistry   spec: 'latest',
163 silly mapToRegistry   type: 'tag' }
164 silly mapToRegistry uri https://registry.npmjs.org/protractor
165 verbose addNameRange registry:https://registry.npmjs.org/protractor not in flight; fetching
166 silly cache add args [ 'shelljs@^0.2.6', null ]
167 verbose cache add spec shelljs@^0.2.6
168 silly cache add parsed spec { raw: 'shelljs@^0.2.6',
168 silly cache add   scope: null,
168 silly cache add   name: 'shelljs',
168 silly cache add   rawSpec: '^0.2.6',
168 silly cache add   spec: '>=0.2.6 <0.3.0',
168 silly cache add   type: 'range' }
169 silly addNamed shelljs@>=0.2.6 <0.3.0
170 verbose addNamed ">=0.2.6 <0.3.0" is a valid semver range for shelljs
171 silly addNameRange { name: 'shelljs', range: '>=0.2.6 <0.3.0', hasData: false }
172 silly mapToRegistry name shelljs
173 silly mapToRegistry using default registry
174 silly mapToRegistry registry https://registry.npmjs.org/
175 silly mapToRegistry data { raw: 'shelljs',
175 silly mapToRegistry   scope: null,
175 silly mapToRegistry   name: 'shelljs',
175 silly mapToRegistry   rawSpec: '',
175 silly mapToRegistry   spec: 'latest',
175 silly mapToRegistry   type: 'tag' }
176 silly mapToRegistry uri https://registry.npmjs.org/shelljs
177 verbose addNameRange registry:https://registry.npmjs.org/shelljs not in flight; fetching
178 verbose already installed skipping angular@^1.5.5 /home/elvis/www/alertcam/front-end
179 verbose already installed skipping bootstrap@^3.3.6 /home/elvis/www/alertcam/front-end
180 silly cache add args [ 'gulp@^3.9.1', null ]
181 verbose cache add spec gulp@^3.9.1
182 silly cache add parsed spec { raw: 'gulp@^3.9.1',
182 silly cache add   scope: null,
182 silly cache add   name: 'gulp',
182 silly cache add   rawSpec: '^3.9.1',
182 silly cache add   spec: '>=3.9.1 <4.0.0',
182 silly cache add   type: 'range' }
183 silly addNamed gulp@>=3.9.1 <4.0.0
184 verbose addNamed ">=3.9.1 <4.0.0" is a valid semver range for gulp
185 silly addNameRange { name: 'gulp', range: '>=3.9.1 <4.0.0', hasData: false }
186 silly mapToRegistry name gulp
187 silly mapToRegistry using default registry
188 silly mapToRegistry registry https://registry.npmjs.org/
189 silly mapToRegistry data { raw: 'gulp',
189 silly mapToRegistry   scope: null,
189 silly mapToRegistry   name: 'gulp',
189 silly mapToRegistry   rawSpec: '',
189 silly mapToRegistry   spec: 'latest',
189 silly mapToRegistry   type: 'tag' }
190 silly mapToRegistry uri https://registry.npmjs.org/gulp
191 verbose addNameRange registry:https://registry.npmjs.org/gulp not in flight; fetching
192 verbose already installed skipping gulp-connect@^3.2.2 /home/elvis/www/alertcam/front-end
193 verbose already installed skipping gulp-ruby-sass@^2.0.6 /home/elvis/www/alertcam/front-end
194 verbose request uri https://registry.npmjs.org/http-server
195 verbose request no auth needed
196 info attempt registry request try #1 at 18:13:28
197 verbose request id e9fc9c0a55d7c9e6
198 http request GET https://registry.npmjs.org/http-server
199 verbose request uri https://registry.npmjs.org/html5-boilerplate
200 verbose request no auth needed
201 info attempt registry request try #1 at 18:13:28
202 http request GET https://registry.npmjs.org/html5-boilerplate
203 verbose request uri https://registry.npmjs.org/jasmine-core
204 verbose request no auth needed
205 info attempt registry request try #1 at 18:13:28
206 http request GET https://registry.npmjs.org/jasmine-core
207 verbose request uri https://registry.npmjs.org/karma
208 verbose request no auth needed
209 info attempt registry request try #1 at 18:13:28
210 http request GET https://registry.npmjs.org/karma
211 verbose request uri https://registry.npmjs.org/karma-chrome-launcher
212 verbose request no auth needed
213 info attempt registry request try #1 at 18:13:28
214 http request GET https://registry.npmjs.org/karma-chrome-launcher
215 verbose request uri https://registry.npmjs.org/karma-firefox-launcher
216 verbose request no auth needed
217 info attempt registry request try #1 at 18:13:28
218 http request GET https://registry.npmjs.org/karma-firefox-launcher
219 verbose request uri https://registry.npmjs.org/karma-jasmine
220 verbose request no auth needed
221 info attempt registry request try #1 at 18:13:28
222 http request GET https://registry.npmjs.org/karma-jasmine
223 verbose request uri https://registry.npmjs.org/karma-junit-reporter
224 verbose request no auth needed
225 info attempt registry request try #1 at 18:13:28
226 http request GET https://registry.npmjs.org/karma-junit-reporter
227 verbose request uri https://registry.npmjs.org/protractor
228 verbose request no auth needed
229 info attempt registry request try #1 at 18:13:28
230 http request GET https://registry.npmjs.org/protractor
231 verbose request uri https://registry.npmjs.org/shelljs
232 verbose request no auth needed
233 info attempt registry request try #1 at 18:13:28
234 http request GET https://registry.npmjs.org/shelljs
235 verbose request uri https://registry.npmjs.org/angular-route
236 verbose request no auth needed
237 info attempt registry request try #1 at 18:13:28
238 http request GET https://registry.npmjs.org/angular-route
239 verbose request uri https://registry.npmjs.org/angular-loader
240 verbose request no auth needed
241 info attempt registry request try #1 at 18:13:28
242 http request GET https://registry.npmjs.org/angular-loader
243 verbose request uri https://registry.npmjs.org/angular-mocks
244 verbose request no auth needed
245 info attempt registry request try #1 at 18:13:28
246 http request GET https://registry.npmjs.org/angular-mocks
247 verbose request uri https://registry.npmjs.org/gulp
248 verbose request no auth needed
249 info attempt registry request try #1 at 18:13:29
250 verbose etag "3KDVHBW8MKPE03COQRHLAGSVW"
251 http request GET https://registry.npmjs.org/gulp
252 http 200 https://registry.npmjs.org/http-server
253 verbose headers { server: 'CouchDB/1.5.0 (Erlang OTP/R16B03)',
253 verbose headers   etag: '"74DLBVUSVLY04PD9H6P6MHNQ9"',
253 verbose headers   'content-type': 'application/json',
253 verbose headers   'content-encoding': 'gzip',
253 verbose headers   'cache-control': 'max-age=300',
253 verbose headers   'content-length': '8605',
253 verbose headers   'accept-ranges': 'bytes',
253 verbose headers   date: 'Wed, 04 May 2016 17:13:29 GMT',
253 verbose headers   via: '1.1 varnish',
253 verbose headers   age: '34',
253 verbose headers   connection: 'keep-alive',
253 verbose headers   'x-served-by': 'cache-ams4121-AMS',
253 verbose headers   'x-cache': 'HIT',
253 verbose headers   'x-cache-hits': '1',
253 verbose headers   'x-timer': 'S1462382009.926804,VS0,VE0',
253 verbose headers   vary: 'Accept-Encoding' }
254 silly get cb [ 200,
254 silly get   { server: 'CouchDB/1.5.0 (Erlang OTP/R16B03)',
254 silly get     etag: '"74DLBVUSVLY04PD9H6P6MHNQ9"',
254 silly get     'content-type': 'application/json',
254 silly get     'content-encoding': 'gzip',
254 silly get     'cache-control': 'max-age=300',
254 silly get     'content-length': '8605',
254 silly get     'accept-ranges': 'bytes',
254 silly get     date: 'Wed, 04 May 2016 17:13:29 GMT',
254 silly get     via: '1.1 varnish',
254 silly get     age: '34',
254 silly get     connection: 'keep-alive',
254 silly get     'x-served-by': 'cache-ams4121-AMS',
254 silly get     'x-cache': 'HIT',
254 silly get     'x-cache-hits': '1',
254 silly get     'x-timer': 'S1462382009.926804,VS0,VE0',
254 silly get     vary: 'Accept-Encoding' } ]
255 verbose get saving http-server to /home/elvis/.npm/registry.npmjs.org/http-server/.cache.json
256 verbose correctMkdir /home/elvis/.npm correctMkdir not in flight; initializing
257 http 200 https://registry.npmjs.org/jasmine-core
258 verbose headers { server: 'CouchDB/1.5.0 (Erlang OTP/R16B03)',
258 verbose headers   etag: '"ESXWEUQNP8XJKCE068XZIO4Q"',
258 verbose headers   'content-type': 'application/json',
258 verbose headers   'content-encoding': 'gzip',
258 verbose headers   'cache-control': 'max-age=300',
258 verbose headers   'content-length': '4385',
258 verbose headers   'accept-ranges': 'bytes',
258 verbose headers   date: 'Wed, 04 May 2016 17:13:29 GMT',
258 verbose headers   via: '1.1 varnish',
258 verbose headers   age: '181',
258 verbose headers   connection: 'keep-alive',
258 verbose headers   'x-served-by': 'cache-ams4138-AMS',
258 verbose headers   'x-cache': 'HIT',
258 verbose headers   'x-cache-hits': '1',
258 verbose headers   'x-timer': 'S1462382009.936897,VS0,VE0',
258 verbose headers   vary: 'Accept-Encoding' }
259 silly get cb [ 200,
259 silly get   { server: 'CouchDB/1.5.0 (Erlang OTP/R16B03)',
259 silly get     etag: '"ESXWEUQNP8XJKCE068XZIO4Q"',
259 silly get     'content-type': 'application/json',
259 silly get     'content-encoding': 'gzip',
259 silly get     'cache-control': 'max-age=300',
259 silly get     'content-length': '4385',
259 silly get     'accept-ranges': 'bytes',
259 silly get     date: 'Wed, 04 May 2016 17:13:29 GMT',
259 silly get     via: '1.1 varnish',
259 silly get     age: '181',
259 silly get     connection: 'keep-alive',
259 silly get     'x-served-by': 'cache-ams4138-AMS',
259 silly get     'x-cache': 'HIT',
259 silly get     'x-cache-hits': '1',
259 silly get     'x-timer': 'S1462382009.936897,VS0,VE0',
259 silly get     vary: 'Accept-Encoding' } ]
260 verbose get saving jasmine-core to /home/elvis/.npm/registry.npmjs.org/jasmine-core/.cache.json
261 verbose correctMkdir /home/elvis/.npm correctMkdir not in flight; initializing
262 http 200 https://registry.npmjs.org/karma-firefox-launcher
263 verbose headers { server: 'CouchDB/1.5.0 (Erlang OTP/R16B03)',
263 verbose headers   etag: '"7LEROCI7ZLGDMRJ1LFUWG27KU"',
263 verbose headers   'content-type': 'application/json',
263 verbose headers   'content-encoding': 'gzip',
263 verbose headers   'cache-control': 'max-age=300',
263 verbose headers   'content-length': '4184',
263 verbose headers   'accept-ranges': 'bytes',
263 verbose headers   date: 'Wed, 04 May 2016 17:13:29 GMT',
263 verbose headers   via: '1.1 varnish',
263 verbose headers   age: '100',
263 verbose headers   connection: 'keep-alive',
263 verbose headers   'x-served-by': 'cache-ams4146-AMS',
263 verbose headers   'x-cache': 'HIT',
263 verbose headers   'x-cache-hits': '2',
263 verbose headers   'x-timer': 'S1462382009.982336,VS0,VE0',
263 verbose headers   vary: 'Accept-Encoding' }
264 silly get cb [ 200,
264 silly get   { server: 'CouchDB/1.5.0 (Erlang OTP/R16B03)',
264 silly get     etag: '"7LEROCI7ZLGDMRJ1LFUWG27KU"',
264 silly get     'content-type': 'application/json',
264 silly get     'content-encoding': 'gzip',
264 silly get     'cache-control': 'max-age=300',
264 silly get     'content-length': '4184',
264 silly get     'accept-ranges': 'bytes',
264 silly get     date: 'Wed, 04 May 2016 17:13:29 GMT',
264 silly get     via: '1.1 varnish',
264 silly get     age: '100',
264 silly get     connection: 'keep-alive',
264 silly get     'x-served-by': 'cache-ams4146-AMS',
264 silly get     'x-cache': 'HIT',
264 silly get     'x-cache-hits': '2',
264 silly get     'x-timer': 'S1462382009.982336,VS0,VE0',
264 silly get     vary: 'Accept-Encoding' } ]
265 verbose get saving karma-firefox-launcher to /home/elvis/.npm/registry.npmjs.org/karma-firefox-launcher/.cache.json
266 verbose correctMkdir /home/elvis/.npm correctMkdir not in flight; initializing
267 silly addNameRange number 2 { name: 'karma-firefox-launcher',
267 silly addNameRange   range: '>=0.1.6 <0.2.0',
267 silly addNameRange   hasData: true }
268 silly addNameRange versions [ 'karma-firefox-launcher',
268 silly addNameRange   [ '0.0.1',
268 silly addNameRange     '0.0.2',
268 silly addNameRange     '0.0.3',
268 silly addNameRange     '0.1.0',
268 silly addNameRange     '0.1.1',
268 silly addNameRange     '0.1.2',
268 silly addNameRange     '0.1.3',
268 silly addNameRange     '0.1.4',
268 silly addNameRange     '0.1.5',
268 silly addNameRange     '0.1.6',
268 silly addNameRange     '0.1.7',
268 silly addNameRange     '1.0.0' ] ]
269 silly addNamed karma-firefox-launcher@0.1.7
270 verbose addNamed "0.1.7" is a plain semver version for karma-firefox-launcher
271 silly addNameRange number 2 { name: 'jasmine-core', range: '>=2.3.4 <3.0.0', hasData: true }
272 silly addNameRange versions [ 'jasmine-core',
272 silly addNameRange   [ '2.0.0',
272 silly addNameRange     '2.0.1',
272 silly addNameRange     '2.0.4',
272 silly addNameRange     '2.1.0',
272 silly addNameRange     '2.1.1',
272 silly addNameRange     '2.1.2',
272 silly addNameRange     '2.1.3',
272 silly addNameRange     '2.2.0',
272 silly addNameRange     '2.3.0',
272 silly addNameRange     '2.3.2',
272 silly addNameRange     '2.3.3',
272 silly addNameRange     '2.3.4',
272 silly addNameRange     '2.4.0',
272 silly addNameRange     '2.4.1' ] ]
273 silly addNamed jasmine-core@2.4.1
274 verbose addNamed "2.4.1" is a plain semver version for jasmine-core
275 silly addNameRange number 2 { name: 'http-server', range: '>=0.6.1 <0.7.0', hasData: true }
276 silly addNameRange versions [ 'http-server',
276 silly addNameRange   [ '0.1.0',
276 silly addNameRange     '0.1.1',
276 silly addNameRange     '0.1.3',
276 silly addNameRange     '0.2.1',
276 silly addNameRange     '0.2.2',
276 silly addNameRange     '0.2.3',
276 silly addNameRange     '0.2.4',
276 silly addNameRange     '0.2.5',
276 silly addNameRange     '0.2.6',
276 silly addNameRange     '0.2.9',
276 silly addNameRange     '0.3.0',
276 silly addNameRange     '0.4.0',
276 silly addNameRange     '0.4.1',
276 silly addNameRange     '0.5.0',
276 silly addNameRange     '0.5.1',
276 silly addNameRange     '0.5.2',
276 silly addNameRange     '0.5.3',
276 silly addNameRange     '0.5.5',
276 silly addNameRange     '0.6.0',
276 silly addNameRange     '0.6.1',
276 silly addNameRange     '0.7.0',
276 silly addNameRange     '0.7.1',
276 silly addNameRange     '0.7.2',
276 silly addNameRange     '0.7.3',
276 silly addNameRange     '0.7.4',
276 silly addNameRange     '0.7.5',
276 silly addNameRange     '0.8.0',
276 silly addNameRange     '0.8.1',
276 silly addNameRange     '0.8.2',
276 silly addNameRange     '0.8.3',
276 silly addNameRange     '0.8.4',
276 silly addNameRange     '0.8.5',
276 silly addNameRange     '0.9.0' ] ]
277 silly addNamed http-server@0.6.1
278 verbose addNamed "0.6.1" is a plain semver version for http-server
279 silly mapToRegistry name karma-firefox-launcher
280 silly mapToRegistry using default registry
281 silly mapToRegistry registry https://registry.npmjs.org/
282 silly mapToRegistry data { raw: 'karma-firefox-launcher',
282 silly mapToRegistry   scope: null,
282 silly mapToRegistry   name: 'karma-firefox-launcher',
282 silly mapToRegistry   rawSpec: '',
282 silly mapToRegistry   spec: 'latest',
282 silly mapToRegistry   type: 'tag' }
283 silly mapToRegistry uri https://registry.npmjs.org/karma-firefox-launcher
284 verbose addRemoteTarball https://registry.npmjs.org/karma-firefox-launcher/-/karma-firefox-launcher-0.1.7.tgz not in flight; adding
285 verbose addRemoteTarball [ 'https://registry.npmjs.org/karma-firefox-launcher/-/karma-firefox-launcher-0.1.7.tgz',
285 verbose addRemoteTarball   'c05dd86533691e62f31952595098e8bd357d39f3' ]
286 silly mapToRegistry name jasmine-core
287 silly mapToRegistry using default registry
288 silly mapToRegistry registry https://registry.npmjs.org/
289 silly mapToRegistry data { raw: 'jasmine-core',
289 silly mapToRegistry   scope: null,
289 silly mapToRegistry   name: 'jasmine-core',
289 silly mapToRegistry   rawSpec: '',
289 silly mapToRegistry   spec: 'latest',
289 silly mapToRegistry   type: 'tag' }
290 silly mapToRegistry uri https://registry.npmjs.org/jasmine-core
291 verbose addRemoteTarball https://registry.npmjs.org/jasmine-core/-/jasmine-core-2.4.1.tgz not in flight; adding
292 verbose addRemoteTarball [ 'https://registry.npmjs.org/jasmine-core/-/jasmine-core-2.4.1.tgz',
292 verbose addRemoteTarball   '6f83ab3a0f16951722ce07d206c773d57cc838be' ]
293 silly mapToRegistry name http-server
294 silly mapToRegistry using default registry
295 silly mapToRegistry registry https://registry.npmjs.org/
296 silly mapToRegistry data { raw: 'http-server',
296 silly mapToRegistry   scope: null,
296 silly mapToRegistry   name: 'http-server',
296 silly mapToRegistry   rawSpec: '',
296 silly mapToRegistry   spec: 'latest',
296 silly mapToRegistry   type: 'tag' }
297 silly mapToRegistry uri https://registry.npmjs.org/http-server
298 verbose addRemoteTarball https://registry.npmjs.org/http-server/-/http-server-0.6.1.tgz not in flight; adding
299 verbose addRemoteTarball [ 'https://registry.npmjs.org/http-server/-/http-server-0.6.1.tgz',
299 verbose addRemoteTarball   '06fce65cf2bd4132a578bdac62ffacb97d613981' ]
300 info retry fetch attempt 1 at 18:13:29
301 info attempt registry request try #1 at 18:13:29
302 http fetch GET https://registry.npmjs.org/karma-firefox-launcher/-/karma-firefox-launcher-0.1.7.tgz
303 info retry fetch attempt 1 at 18:13:29
304 info attempt registry request try #1 at 18:13:29
305 http fetch GET https://registry.npmjs.org/jasmine-core/-/jasmine-core-2.4.1.tgz
306 info retry fetch attempt 1 at 18:13:29
307 info attempt registry request try #1 at 18:13:29
308 http fetch GET https://registry.npmjs.org/http-server/-/http-server-0.6.1.tgz
309 http 404 https://registry.npmjs.org/html5-boilerplate
310 verbose headers { 'content-type': 'application/json',
310 verbose headers   'cache-control': 'max-age=0',
310 verbose headers   'content-length': '2',
310 verbose headers   'accept-ranges': 'bytes',
310 verbose headers   date: 'Wed, 04 May 2016 17:13:30 GMT',
310 verbose headers   via: '1.1 varnish',
310 verbose headers   age: '0',
310 verbose headers   connection: 'keep-alive',
310 verbose headers   'x-served-by': 'cache-ams4141-AMS',
310 verbose headers   'x-cache': 'MISS',
310 verbose headers   'x-cache-hits': '0',
310 verbose headers   'x-timer': 'S1462382009.946627,VS0,VE182',
310 verbose headers   vary: 'Accept-Encoding' }
311 silly get cb [ 404,
311 silly get   { 'content-type': 'application/json',
311 silly get     'cache-control': 'max-age=0',
311 silly get     'content-length': '2',
311 silly get     'accept-ranges': 'bytes',
311 silly get     date: 'Wed, 04 May 2016 17:13:30 GMT',
311 silly get     via: '1.1 varnish',
311 silly get     age: '0',
311 silly get     connection: 'keep-alive',
311 silly get     'x-served-by': 'cache-ams4141-AMS',
311 silly get     'x-cache': 'MISS',
311 silly get     'x-cache-hits': '0',
311 silly get     'x-timer': 'S1462382009.946627,VS0,VE182',
311 silly get     vary: 'Accept-Encoding' } ]
312 http 200 https://registry.npmjs.org/angular-loader
313 verbose headers { server: 'CouchDB/1.5.0 (Erlang OTP/R16B03)',
313 verbose headers   etag: '"CAUBTN0NNJK9SXMVT6TZ0ZESK"',
313 verbose headers   'content-type': 'application/json',
313 verbose headers   'content-encoding': 'gzip',
313 verbose headers   'cache-control': 'max-age=300',
313 verbose headers   'content-length': '8983',
313 verbose headers   'accept-ranges': 'bytes',
313 verbose headers   date: 'Wed, 04 May 2016 17:13:30 GMT',
313 verbose headers   via: '1.1 varnish',
313 verbose headers   age: '0',
313 verbose headers   connection: 'keep-alive',
313 verbose headers   'x-served-by': 'cache-ams4137-AMS',
313 verbose headers   'x-cache': 'MISS',
313 verbose headers   'x-cache-hits': '0',
313 verbose headers   'x-timer': 'S1462382010.046447,VS0,VE363',
313 verbose headers   vary: 'Accept-Encoding' }
314 silly get cb [ 200,
314 silly get   { server: 'CouchDB/1.5.0 (Erlang OTP/R16B03)',
314 silly get     etag: '"CAUBTN0NNJK9SXMVT6TZ0ZESK"',
314 silly get     'content-type': 'application/json',
314 silly get     'content-encoding': 'gzip',
314 silly get     'cache-control': 'max-age=300',
314 silly get     'content-length': '8983',
314 silly get     'accept-ranges': 'bytes',
314 silly get     date: 'Wed, 04 May 2016 17:13:30 GMT',
314 silly get     via: '1.1 varnish',
314 silly get     age: '0',
314 silly get     connection: 'keep-alive',
314 silly get     'x-served-by': 'cache-ams4137-AMS',
314 silly get     'x-cache': 'MISS',
314 silly get     'x-cache-hits': '0',
314 silly get     'x-timer': 'S1462382010.046447,VS0,VE363',
314 silly get     vary: 'Accept-Encoding' } ]
315 verbose get saving angular-loader to /home/elvis/.npm/registry.npmjs.org/angular-loader/.cache.json
316 verbose correctMkdir /home/elvis/.npm correctMkdir not in flight; initializing
317 silly addNameRange number 2 { name: 'angular-loader',
317 silly addNameRange   range: '>=1.4.0 <1.5.0',
317 silly addNameRange   hasData: true }
318 silly addNameRange versions [ 'angular-loader',
318 silly addNameRange   [ '1.3.0-rc.5',
318 silly addNameRange     '1.3.0',
318 silly addNameRange     '1.3.1',
318 silly addNameRange     '1.3.2',
318 silly addNameRange     '1.3.3',
318 silly addNameRange     '1.3.4-build.3588',
318 silly addNameRange     '1.2.27',
318 silly addNameRange     '1.3.4',
318 silly addNameRange     '1.3.5',
318 silly addNameRange     '1.3.6',
318 silly addNameRange     '1.3.7',
318 silly addNameRange     '1.2.28',
318 silly addNameRange     '1.3.8',
318 silly addNameRange     '1.4.0-beta.0',
318 silly addNameRange     '1.3.9',
318 silly addNameRange     '1.3.10',
318 silly addNameRange     '1.4.0-beta.1',
318 silly addNameRange     '1.4.0-beta.2',
318 silly addNameRange     '1.3.11',
318 silly addNameRange     '1.4.0-beta.3',
318 silly addNameRange     '1.3.12',
318 silly addNameRange     '1.3.13',
318 silly addNameRange     '1.4.0-beta.4',
318 silly addNameRange     '1.3.14',
318 silly addNameRange     '1.4.0-beta.5',
318 silly addNameRange     '1.4.0-beta.6',
318 silly addNameRange     '1.3.15',
318 silly addNameRange     '1.4.0-rc.0',
318 silly addNameRange     '1.4.0-rc.1',
318 silly addNameRange     '1.4.0-rc.2',
318 silly addNameRange     '1.4.0',
318 silly addNameRange     '1.3.16',
318 silly addNameRange     '1.4.1',
318 silly addNameRange     '1.4.2',
318 silly addNameRange     '1.3.17',
318 silly addNameRange     '1.4.3',
318 silly addNameRange     '1.4.4',
318 silly addNameRange     '1.3.18',
318 silly addNameRange     '1.4.5',
318 silly addNameRange     '1.3.19',
318 silly addNameRange     '1.4.6',
318 silly addNameRange     '1.5.0-beta.0',
318 silly addNameRange     '1.2.29',
318 silly addNameRange     '1.3.20',
318 silly addNameRange     '1.4.7',
318 silly addNameRange     '1.5.0-beta.2',
318 silly addNameRange     '1.4.8',
318 silly addNameRange     '1.5.0-rc.0',
318 silly addNameRange     '1.5.0-rc.1',
318 silly addNameRange     '1.4.9',
318 silly addNameRange     '1.5.0-rc.2',
318 silly addNameRange     '1.5.0',
318 silly addNameRange     '1.5.1',
318 silly addNameRange     '1.4.10',
318 silly addNameRange     '1.5.2',
318 silly addNameRange     '1.5.3',
318 silly addNameRange     '1.5.5' ] ]
319 silly addNamed angular-loader@1.4.10
320 verbose addNamed "1.4.10" is a plain semver version for angular-loader
321 silly mapToRegistry name angular-loader
322 silly mapToRegistry using default registry
323 silly mapToRegistry registry https://registry.npmjs.org/
324 silly mapToRegistry data { raw: 'angular-loader',
324 silly mapToRegistry   scope: null,
324 silly mapToRegistry   name: 'angular-loader',
324 silly mapToRegistry   rawSpec: '',
324 silly mapToRegistry   spec: 'latest',
324 silly mapToRegistry   type: 'tag' }
325 silly mapToRegistry uri https://registry.npmjs.org/angular-loader
326 verbose addRemoteTarball https://registry.npmjs.org/angular-loader/-/angular-loader-1.4.10.tgz not in flight; adding
327 verbose addRemoteTarball [ 'https://registry.npmjs.org/angular-loader/-/angular-loader-1.4.10.tgz',
327 verbose addRemoteTarball   '486b1fb891040a812b5d23c511b053267a587aac' ]
328 info retry fetch attempt 1 at 18:13:30
329 info attempt registry request try #1 at 18:13:30
330 http fetch GET https://registry.npmjs.org/angular-loader/-/angular-loader-1.4.10.tgz
331 http 200 https://registry.npmjs.org/karma-chrome-launcher
332 verbose headers { server: 'CouchDB/1.5.0 (Erlang OTP/R16B03)',
332 verbose headers   etag: '"BZAVIQIH3A1MG5TE19WTZM3R8"',
332 verbose headers   'content-type': 'application/json',
332 verbose headers   'cache-control': 'max-age=300',
332 verbose headers   'content-length': '42619',
332 verbose headers   'accept-ranges': 'bytes',
332 verbose headers   date: 'Wed, 04 May 2016 17:13:29 GMT',
332 verbose headers   via: '1.1 varnish',
332 verbose headers   age: '236',
332 verbose headers   connection: 'keep-alive',
332 verbose headers   'x-served-by': 'cache-ams4137-AMS',
332 verbose headers   'x-cache': 'HIT',
332 verbose headers   'x-cache-hits': '1',
332 verbose headers   'x-timer': 'S1462382009.993935,VS0,VE0',
332 verbose headers   vary: 'Accept-Encoding' }
333 silly get cb [ 200,
333 silly get   { server: 'CouchDB/1.5.0 (Erlang OTP/R16B03)',
333 silly get     etag: '"BZAVIQIH3A1MG5TE19WTZM3R8"',
333 silly get     'content-type': 'application/json',
333 silly get     'cache-control': 'max-age=300',
333 silly get     'content-length': '42619',
333 silly get     'accept-ranges': 'bytes',
333 silly get     date: 'Wed, 04 May 2016 17:13:29 GMT',
333 silly get     via: '1.1 varnish',
333 silly get     age: '236',
333 silly get     connection: 'keep-alive',
333 silly get     'x-served-by': 'cache-ams4137-AMS',
333 silly get     'x-cache': 'HIT',
333 silly get     'x-cache-hits': '1',
333 silly get     'x-timer': 'S1462382009.993935,VS0,VE0',
333 silly get     vary: 'Accept-Encoding' } ]
334 verbose get saving karma-chrome-launcher to /home/elvis/.npm/registry.npmjs.org/karma-chrome-launcher/.cache.json
335 verbose correctMkdir /home/elvis/.npm correctMkdir not in flight; initializing
336 silly addNameRange number 2 { name: 'karma-chrome-launcher',
336 silly addNameRange   range: '>=0.1.12 <0.2.0',
336 silly addNameRange   hasData: true }
337 silly addNameRange versions [ 'karma-chrome-launcher',
337 silly addNameRange   [ '0.0.1',
337 silly addNameRange     '0.0.2',
337 silly addNameRange     '0.1.0',
337 silly addNameRange     '0.1.1',
337 silly addNameRange     '0.1.2',
337 silly addNameRange     '0.1.3',
337 silly addNameRange     '0.1.4',
337 silly addNameRange     '0.1.5',
337 silly addNameRange     '0.1.6',
337 silly addNameRange     '0.1.7',
337 silly addNameRange     '0.1.8',
337 silly addNameRange     '0.1.9',
337 silly addNameRange     '0.1.10',
337 silly addNameRange     '0.1.11',
337 silly addNameRange     '0.1.12',
337 silly addNameRange     '0.2.0',
337 silly addNameRange     '0.2.1',
337 silly addNameRange     '0.2.2',
337 silly addNameRange     '0.2.3',
337 silly addNameRange     '1.0.1' ] ]
338 silly addNamed karma-chrome-launcher@0.1.12
339 verbose addNamed "0.1.12" is a plain semver version for karma-chrome-launcher
340 silly mapToRegistry name karma-chrome-launcher
341 silly mapToRegistry using default registry
342 silly mapToRegistry registry https://registry.npmjs.org/
343 silly mapToRegistry data { raw: 'karma-chrome-launcher',
343 silly mapToRegistry   scope: null,
343 silly mapToRegistry   name: 'karma-chrome-launcher',
343 silly mapToRegistry   rawSpec: '',
343 silly mapToRegistry   spec: 'latest',
343 silly mapToRegistry   type: 'tag' }
344 silly mapToRegistry uri https://registry.npmjs.org/karma-chrome-launcher
345 verbose addRemoteTarball https://registry.npmjs.org/karma-chrome-launcher/-/karma-chrome-launcher-0.1.12.tgz not in flight; adding
346 verbose addRemoteTarball [ 'https://registry.npmjs.org/karma-chrome-launcher/-/karma-chrome-launcher-0.1.12.tgz',
346 verbose addRemoteTarball   '0ac0e22e573650f6541312fdca795c3824ccf962' ]
347 info retry fetch attempt 1 at 18:13:30
348 info attempt registry request try #1 at 18:13:30
349 http fetch GET https://registry.npmjs.org/karma-chrome-launcher/-/karma-chrome-launcher-0.1.12.tgz
350 http 200 https://registry.npmjs.org/shelljs
351 verbose headers { server: 'CouchDB/1.5.0 (Erlang OTP/R16B03)',
351 verbose headers   etag: '"56WI9LQL4I7SC3YK8ZBNCKFOW"',
351 verbose headers   'content-type': 'application/json',
351 verbose headers   'content-encoding': 'gzip',
351 verbose headers   'cache-control': 'max-age=300',
351 verbose headers   'content-length': '14345',
351 verbose headers   'accept-ranges': 'bytes',
351 verbose headers   date: 'Wed, 04 May 2016 17:13:30 GMT',
351 verbose headers   via: '1.1 varnish',
351 verbose headers   age: '212',
351 verbose headers   connection: 'keep-alive',
351 verbose headers   'x-served-by': 'cache-ams4137-AMS',
351 verbose headers   'x-cache': 'HIT',
351 verbose headers   'x-cache-hits': '4',
351 verbose headers   'x-timer': 'S1462382010.036321,VS0,VE0',
351 verbose headers   vary: 'Accept-Encoding' }
352 silly get cb [ 200,
352 silly get   { server: 'CouchDB/1.5.0 (Erlang OTP/R16B03)',
352 silly get     etag: '"56WI9LQL4I7SC3YK8ZBNCKFOW"',
352 silly get     'content-type': 'application/json',
352 silly get     'content-encoding': 'gzip',
352 silly get     'cache-control': 'max-age=300',
352 silly get     'content-length': '14345',
352 silly get     'accept-ranges': 'bytes',
352 silly get     date: 'Wed, 04 May 2016 17:13:30 GMT',
352 silly get     via: '1.1 varnish',
352 silly get     age: '212',
352 silly get     connection: 'keep-alive',
352 silly get     'x-served-by': 'cache-ams4137-AMS',
352 silly get     'x-cache': 'HIT',
352 silly get     'x-cache-hits': '4',
352 silly get     'x-timer': 'S1462382010.036321,VS0,VE0',
352 silly get     vary: 'Accept-Encoding' } ]
353 verbose get saving shelljs to /home/elvis/.npm/registry.npmjs.org/shelljs/.cache.json
354 verbose correctMkdir /home/elvis/.npm correctMkdir not in flight; initializing
355 silly addNameRange number 2 { name: 'shelljs', range: '>=0.2.6 <0.3.0', hasData: true }
356 silly addNameRange versions [ 'shelljs',
356 silly addNameRange   [ '0.0.1',
356 silly addNameRange     '0.0.2',
356 silly addNameRange     '0.0.3',
356 silly addNameRange     '0.0.4',
356 silly addNameRange     '0.0.5',
356 silly addNameRange     '0.0.6',
356 silly addNameRange     '0.0.7',
356 silly addNameRange     '0.0.8',
356 silly addNameRange     '0.0.9',
356 silly addNameRange     '0.1.0',
356 silly addNameRange     '0.1.1',
356 silly addNameRange     '0.1.2',
356 silly addNameRange     '0.1.3',
356 silly addNameRange     '0.1.4',
356 silly addNameRange     '0.2.0',
356 silly addNameRange     '0.2.1',
356 silly addNameRange     '0.2.2',
356 silly addNameRange     '0.2.3',
356 silly addNameRange     '0.2.4',
356 silly addNameRange     '0.2.5',
356 silly addNameRange     '0.2.6',
356 silly addNameRange     '0.3.0',
356 silly addNameRange     '0.4.0',
356 silly addNameRange     '0.5.0',
356 silly addNameRange     '0.5.1',
356 silly addNameRange     '0.5.2',
356 silly addNameRange     '0.5.3',
356 silly addNameRange     '0.6.0',
356 silly addNameRange     '0.7.0',
356 silly addNameRange     '0.0.1-alpha1',
356 silly addNameRange     '0.0.2-pre1',
356 silly addNameRange     '0.0.4-pre1',
356 silly addNameRange     '0.0.5-pre1',
356 silly addNameRange     '0.0.5-pre2',
356 silly addNameRange     '0.0.5-pre3',
356 silly addNameRange     '0.0.5-pre4',
356 silly addNameRange     '0.0.6-pre1',
356 silly addNameRange     '0.0.6-pre2' ] ]
357 silly addNamed shelljs@0.2.6
358 verbose addNamed "0.2.6" is a plain semver version for shelljs
359 silly mapToRegistry name shelljs
360 silly mapToRegistry using default registry
361 silly mapToRegistry registry https://registry.npmjs.org/
362 silly mapToRegistry data { raw: 'shelljs',
362 silly mapToRegistry   scope: null,
362 silly mapToRegistry   name: 'shelljs',
362 silly mapToRegistry   rawSpec: '',
362 silly mapToRegistry   spec: 'latest',
362 silly mapToRegistry   type: 'tag' }
363 silly mapToRegistry uri https://registry.npmjs.org/shelljs
364 verbose addRemoteTarball https://registry.npmjs.org/shelljs/-/shelljs-0.2.6.tgz not in flight; adding
365 verbose addRemoteTarball [ 'https://registry.npmjs.org/shelljs/-/shelljs-0.2.6.tgz',
365 verbose addRemoteTarball   '90492d72ffcc8159976baba62fb0f6884f0c3378' ]
366 info retry fetch attempt 1 at 18:13:30
367 info attempt registry request try #1 at 18:13:30
368 http fetch GET https://registry.npmjs.org/shelljs/-/shelljs-0.2.6.tgz
369 http 200 https://registry.npmjs.org/karma-junit-reporter
370 verbose headers { server: 'CouchDB/1.5.0 (Erlang OTP/R16B03)',
370 verbose headers   etag: '"D3R9CPMQRNM2481CJXHBIFEOJ"',
370 verbose headers   'content-type': 'application/json',
370 verbose headers   'content-encoding': 'gzip',
370 verbose headers   'cache-control': 'max-age=300',
370 verbose headers   'content-length': '7266',
370 verbose headers   'accept-ranges': 'bytes',
370 verbose headers   date: 'Wed, 04 May 2016 17:13:30 GMT',
370 verbose headers   via: '1.1 varnish',
370 verbose headers   age: '35',
370 verbose headers   connection: 'keep-alive',
370 verbose headers   'x-served-by': 'cache-ams4134-AMS',
370 verbose headers   'x-cache': 'HIT',
370 verbose headers   'x-cache-hits': '1',
370 verbose headers   'x-timer': 'S1462382010.011752,VS0,VE0',
370 verbose headers   vary: 'Accept-Encoding' }
371 silly get cb [ 200,
371 silly get   { server: 'CouchDB/1.5.0 (Erlang OTP/R16B03)',
371 silly get     etag: '"D3R9CPMQRNM2481CJXHBIFEOJ"',
371 silly get     'content-type': 'application/json',
371 silly get     'content-encoding': 'gzip',
371 silly get     'cache-control': 'max-age=300',
371 silly get     'content-length': '7266',
371 silly get     'accept-ranges': 'bytes',
371 silly get     date: 'Wed, 04 May 2016 17:13:30 GMT',
371 silly get     via: '1.1 varnish',
371 silly get     age: '35',
371 silly get     connection: 'keep-alive',
371 silly get     'x-served-by': 'cache-ams4134-AMS',
371 silly get     'x-cache': 'HIT',
371 silly get     'x-cache-hits': '1',
371 silly get     'x-timer': 'S1462382010.011752,VS0,VE0',
371 silly get     vary: 'Accept-Encoding' } ]
372 verbose get saving karma-junit-reporter to /home/elvis/.npm/registry.npmjs.org/karma-junit-reporter/.cache.json
373 verbose correctMkdir /home/elvis/.npm correctMkdir not in flight; initializing
374 silly addNameRange number 2 { name: 'karma-junit-reporter',
374 silly addNameRange   range: '>=0.2.2 <0.3.0',
374 silly addNameRange   hasData: true }
375 silly addNameRange versions [ 'karma-junit-reporter',
375 silly addNameRange   [ '0.0.1',
375 silly addNameRange     '0.0.2',
375 silly addNameRange     '0.1.0',
375 silly addNameRange     '0.2.1',
375 silly addNameRange     '0.2.2',
375 silly addNameRange     '0.3.0',
375 silly addNameRange     '0.3.1',
375 silly addNameRange     '0.3.2',
375 silly addNameRange     '0.3.3',
375 silly addNameRange     '0.3.4',
375 silly addNameRange     '0.3.5',
375 silly addNameRange     '0.3.6',
375 silly addNameRange     '0.3.7',
375 silly addNameRange     '0.3.8',
375 silly addNameRange     '0.4.0',
375 silly addNameRange     '0.4.1',
375 silly addNameRange     '0.4.2',
375 silly addNameRange     '2.0.0',
375 silly addNameRange     '1.0.0' ] ]
376 silly addNamed karma-junit-reporter@0.2.2
377 verbose addNamed "0.2.2" is a plain semver version for karma-junit-reporter
378 silly mapToRegistry name karma-junit-reporter
379 silly mapToRegistry using default registry
380 silly mapToRegistry registry https://registry.npmjs.org/
381 silly mapToRegistry data { raw: 'karma-junit-reporter',
381 silly mapToRegistry   scope: null,
381 silly mapToRegistry   name: 'karma-junit-reporter',
381 silly mapToRegistry   rawSpec: '',
381 silly mapToRegistry   spec: 'latest',
381 silly mapToRegistry   type: 'tag' }
382 silly mapToRegistry uri https://registry.npmjs.org/karma-junit-reporter
383 verbose addRemoteTarball https://registry.npmjs.org/karma-junit-reporter/-/karma-junit-reporter-0.2.2.tgz not in flight; adding
384 verbose addRemoteTarball [ 'https://registry.npmjs.org/karma-junit-reporter/-/karma-junit-reporter-0.2.2.tgz',
384 verbose addRemoteTarball   '4cdd4e21affd3e090e7ba73e3c766ea9e13c45ba' ]
385 info retry fetch attempt 1 at 18:13:30
386 info attempt registry request try #1 at 18:13:30
387 http fetch GET https://registry.npmjs.org/karma-junit-reporter/-/karma-junit-reporter-0.2.2.tgz
388 http 200 https://registry.npmjs.org/gulp
389 verbose headers { server: 'CouchDB/1.5.0 (Erlang OTP/R16B03)',
389 verbose headers   etag: '"DWRJ9U4THKH9F87BD2V3M2NFY"',
389 verbose headers   'content-type': 'application/json',
389 verbose headers   'content-encoding': 'gzip',
389 verbose headers   'cache-control': 'max-age=300',
389 verbose headers   'content-length': '18205',
389 verbose headers   'accept-ranges': 'bytes',
389 verbose headers   date: 'Wed, 04 May 2016 17:13:30 GMT',
389 verbose headers   via: '1.1 varnish',
389 verbose headers   age: '143',
389 verbose headers   connection: 'keep-alive',
389 verbose headers   'x-served-by': 'cache-ams4122-AMS',
389 verbose headers   'x-cache': 'HIT',
389 verbose headers   'x-cache-hits': '2',
389 verbose headers   'x-timer': 'S1462382010.070102,VS0,VE0',
389 verbose headers   vary: 'Accept-Encoding' }
390 silly get cb [ 200,
390 silly get   { server: 'CouchDB/1.5.0 (Erlang OTP/R16B03)',
390 silly get     etag: '"DWRJ9U4THKH9F87BD2V3M2NFY"',
390 silly get     'content-type': 'application/json',
390 silly get     'content-encoding': 'gzip',
390 silly get     'cache-control': 'max-age=300',
390 silly get     'content-length': '18205',
390 silly get     'accept-ranges': 'bytes',
390 silly get     date: 'Wed, 04 May 2016 17:13:30 GMT',
390 silly get     via: '1.1 varnish',
390 silly get     age: '143',
390 silly get     connection: 'keep-alive',
390 silly get     'x-served-by': 'cache-ams4122-AMS',
390 silly get     'x-cache': 'HIT',
390 silly get     'x-cache-hits': '2',
390 silly get     'x-timer': 'S1462382010.070102,VS0,VE0',
390 silly get     vary: 'Accept-Encoding' } ]
391 verbose get saving gulp to /home/elvis/.npm/registry.npmjs.org/gulp/.cache.json
392 verbose correctMkdir /home/elvis/.npm correctMkdir not in flight; initializing
393 silly addNameRange number 2 { name: 'gulp', range: '>=3.9.1 <4.0.0', hasData: true }
394 silly addNameRange versions [ 'gulp',
394 silly addNameRange   [ '0.0.1',
394 silly addNameRange     '0.0.2',
394 silly addNameRange     '0.0.3',
394 silly addNameRange     '0.0.4',
394 silly addNameRange     '0.0.5',
394 silly addNameRange     '0.0.7',
394 silly addNameRange     '0.0.8',
394 silly addNameRange     '0.0.9',
394 silly addNameRange     '0.1.0',
394 silly addNameRange     '0.2.0',
394 silly addNameRange     '1.0.0',
394 silly addNameRange     '1.1.0',
394 silly addNameRange     '1.2.0',
394 silly addNameRange     '1.2.1',
394 silly addNameRange     '2.0.0',
394 silly addNameRange     '2.0.1',
394 silly addNameRange     '2.1.0',
394 silly addNameRange     '2.2.0',
394 silly addNameRange     '2.3.0',
394 silly addNameRange     '2.4.0',
394 silly addNameRange     '2.4.1',
394 silly addNameRange     '2.6.0',
394 silly addNameRange     '2.6.1',
394 silly addNameRange     '2.7.0',
394 silly addNameRange     '3.0.0',
394 silly addNameRange     '3.1.1',
394 silly addNameRange     '3.1.2',
394 silly addNameRange     '3.1.3',
394 silly addNameRange     '3.1.4',
394 silly addNameRange     '3.2.0',
394 silly addNameRange     '3.2.1',
394 silly addNameRange     '3.2.2',
394 silly addNameRange     '3.2.3',
394 silly addNameRange     '3.2.4',
394 silly addNameRange     '3.2.5',
394 silly addNameRange     '3.3.0',
394 silly addNameRange     '3.3.1',
394 silly addNameRange     '3.3.2',
394 silly addNameRange     '3.3.4',
394 silly addNameRange     '3.4.0',
394 silly addNameRange     '3.5.0',
394 silly addNameRange     '3.5.1',
394 silly addNameRange     '3.5.2',
394 silly addNameRange     '3.5.5',
394 silly addNameRange     '3.5.6',
394 silly addNameRange     '3.6.0',
394 silly addNameRange     '3.6.1',
394 silly addNameRange     '3.6.2',
394 silly addNameRange     '3.7.0',
394 silly addNameRange     '3.8.0',
394 silly addNameRange     '3.8.1',
394 silly addNameRange     '3.8.2',
394 silly addNameRange     '3.8.3',
394 silly addNameRange     '3.8.4',
394 silly addNameRange     '3.8.5',
394 silly addNameRange     '3.8.6',
394 silly addNameRange     '3.8.7',
394 silly addNameRange     '3.8.8',
394 silly addNameRange     '3.8.9',
394 silly addNameRange     '3.8.10',
394 silly addNameRange     '3.8.11',
394 silly addNameRange     '3.9.0',
394 silly addNameRange     '3.9.1' ] ]
395 silly addNamed gulp@3.9.1
396 verbose addNamed "3.9.1" is a plain semver version for gulp
397 silly cache afterAdd gulp@3.9.1
398 verbose afterAdd /home/elvis/.npm/gulp/3.9.1/package/package.json not in flight; writing
399 verbose correctMkdir /home/elvis/.npm correctMkdir not in flight; initializing
400 verbose afterAdd /home/elvis/.npm/gulp/3.9.1/package/package.json written
401 http 200 https://registry.npmjs.org/angular-route
402 verbose headers { server: 'CouchDB/1.5.0 (Erlang OTP/R16B03)',
402 verbose headers   etag: '"9G12HEWB084YFCSADV7GMIW1S"',
402 verbose headers   'content-type': 'application/json',
402 verbose headers   'cache-control': 'max-age=300',
402 verbose headers   'content-length': '70109',
402 verbose headers   'accept-ranges': 'bytes',
402 verbose headers   date: 'Wed, 04 May 2016 17:13:30 GMT',
402 verbose headers   via: '1.1 varnish',
402 verbose headers   age: '257',
402 verbose headers   connection: 'keep-alive',
402 verbose headers   'x-served-by': 'cache-ams4124-AMS',
402 verbose headers   'x-cache': 'HIT',
402 verbose headers   'x-cache-hits': '1',
402 verbose headers   'x-timer': 'S1462382010.062825,VS0,VE0',
402 verbose headers   vary: 'Accept-Encoding' }
403 silly get cb [ 200,
403 silly get   { server: 'CouchDB/1.5.0 (Erlang OTP/R16B03)',
403 silly get     etag: '"9G12HEWB084YFCSADV7GMIW1S"',
403 silly get     'content-type': 'application/json',
403 silly get     'cache-control': 'max-age=300',
403 silly get     'content-length': '70109',
403 silly get     'accept-ranges': 'bytes',
403 silly get     date: 'Wed, 04 May 2016 17:13:30 GMT',
403 silly get     via: '1.1 varnish',
403 silly get     age: '257',
403 silly get     connection: 'keep-alive',
403 silly get     'x-served-by': 'cache-ams4124-AMS',
403 silly get     'x-cache': 'HIT',
403 silly get     'x-cache-hits': '1',
403 silly get     'x-timer': 'S1462382010.062825,VS0,VE0',
403 silly get     vary: 'Accept-Encoding' } ]
404 verbose get saving angular-route to /home/elvis/.npm/registry.npmjs.org/angular-route/.cache.json
405 verbose correctMkdir /home/elvis/.npm correctMkdir not in flight; initializing
406 http fetch 200 https://registry.npmjs.org/angular-loader/-/angular-loader-1.4.10.tgz
407 silly fetchAndShaCheck shasum 486b1fb891040a812b5d23c511b053267a587aac
408 verbose addTmpTarball /tmp/npm-2236-348bc6e1/registry.npmjs.org/angular-loader/-/angular-loader-1.4.10.tgz not in flight; adding
409 verbose addTmpTarball already have metadata; skipping unpack for angular-loader@1.4.10
410 verbose correctMkdir /home/elvis/.npm correctMkdir not in flight; initializing
411 silly addNameRange number 2 { name: 'angular-route', range: '>=1.4.0 <1.5.0', hasData: true }
412 silly addNameRange versions [ 'angular-route',
412 silly addNameRange   [ '1.2.17-build.163.1',
412 silly addNameRange     '1.3.0-rc.5',
412 silly addNameRange     '1.3.0',
412 silly addNameRange     '1.3.1',
412 silly addNameRange     '1.3.2',
412 silly addNameRange     '1.3.3',
412 silly addNameRange     '1.3.4-build.3588',
412 silly addNameRange     '1.2.27',
412 silly addNameRange     '1.3.4',
412 silly addNameRange     '1.3.5',
412 silly addNameRange     '1.3.6',
412 silly addNameRange     '1.3.7',
412 silly addNameRange     '1.2.28',
412 silly addNameRange     '1.3.8',
412 silly addNameRange     '1.4.0-beta.0',
412 silly addNameRange     '1.3.9',
412 silly addNameRange     '1.3.10',
412 silly addNameRange     '1.4.0-beta.1',
412 silly addNameRange     '1.4.0-beta.2',
412 silly addNameRange     '1.3.11',
412 silly addNameRange     '1.4.0-beta.3',
412 silly addNameRange     '1.3.12',
412 silly addNameRange     '1.3.13',
412 silly addNameRange     '1.4.0-beta.4',
412 silly addNameRange     '1.3.14',
412 silly addNameRange     '1.4.0-beta.5',
412 silly addNameRange     '1.4.0-beta.6',
412 silly addNameRange     '1.3.15',
412 silly addNameRange     '1.4.0-rc.0',
412 silly addNameRange     '1.4.0-rc.1',
412 silly addNameRange     '1.4.0-rc.2',
412 silly addNameRange     '1.4.0',
412 silly addNameRange     '1.3.16',
412 silly addNameRange     '1.4.1',
412 silly addNameRange     '1.4.2',
412 silly addNameRange     '1.3.17',
412 silly addNameRange     '1.4.3',
412 silly addNameRange     '1.4.4',
412 silly addNameRange     '1.3.18',
412 silly addNameRange     '1.4.5',
412 silly addNameRange     '1.3.19',
412 silly addNameRange     '1.4.6',
412 silly addNameRange     '1.5.0-beta.0',
412 silly addNameRange     '1.2.29',
412 silly addNameRange     '1.3.20',
412 silly addNameRange     '1.4.7',
412 silly addNameRange     '1.5.0-beta.2',
412 silly addNameRange     '1.4.8',
412 silly addNameRange     '1.5.0-rc.0',
412 silly addNameRange     '1.5.0-rc.1',
412 silly addNameRange     '1.4.9',
412 silly addNameRange     '1.5.0-rc.2',
412 silly addNameRange     '1.5.0',
412 silly addNameRange     '1.5.1',
412 silly addNameRange     '1.4.10',
412 silly addNameRange     '1.5.2',
412 silly addNameRange     '1.5.3',
412 silly addNameRange     '1.5.5' ] ]
413 silly addNamed angular-route@1.4.10
414 verbose addNamed "1.4.10" is a plain semver version for angular-route
415 silly mapToRegistry name angular-route
416 silly mapToRegistry using default registry
417 silly mapToRegistry registry https://registry.npmjs.org/
418 silly mapToRegistry data { raw: 'angular-route',
418 silly mapToRegistry   scope: null,
418 silly mapToRegistry   name: 'angular-route',
418 silly mapToRegistry   rawSpec: '',
418 silly mapToRegistry   spec: 'latest',
418 silly mapToRegistry   type: 'tag' }
419 silly mapToRegistry uri https://registry.npmjs.org/angular-route
420 verbose addRemoteTarball https://registry.npmjs.org/angular-route/-/angular-route-1.4.10.tgz not in flight; adding
421 verbose addRemoteTarball [ 'https://registry.npmjs.org/angular-route/-/angular-route-1.4.10.tgz',
421 verbose addRemoteTarball   'c6f0c367c990e06c26ae55b8a025e9584de57372' ]
422 info retry fetch attempt 1 at 18:13:31
423 info attempt registry request try #1 at 18:13:31
424 http fetch GET https://registry.npmjs.org/angular-route/-/angular-route-1.4.10.tgz
425 silly cache afterAdd angular-loader@1.4.10
426 verbose afterAdd /home/elvis/.npm/angular-loader/1.4.10/package/package.json not in flight; writing
427 verbose correctMkdir /home/elvis/.npm correctMkdir not in flight; initializing
428 verbose afterAdd /home/elvis/.npm/angular-loader/1.4.10/package/package.json written
429 http 200 https://registry.npmjs.org/protractor
430 verbose headers { server: 'CouchDB/1.5.0 (Erlang OTP/R16B03)',
430 verbose headers   etag: '"93YSVVM1FAH89MLGRQNW7X4ZE"',
430 verbose headers   'content-type': 'application/json',
430 verbose headers   'cache-control': 'max-age=300',
430 verbose headers   'content-length': '112619',
430 verbose headers   'accept-ranges': 'bytes',
430 verbose headers   date: 'Wed, 04 May 2016 17:13:30 GMT',
430 verbose headers   via: '1.1 varnish',
430 verbose headers   age: '222',
430 verbose headers   connection: 'keep-alive',
430 verbose headers   'x-served-by': 'cache-ams4122-AMS',
430 verbose headers   'x-cache': 'HIT',
430 verbose headers   'x-cache-hits': '1',
430 verbose headers   'x-timer': 'S1462382010.007938,VS0,VE0',
430 verbose headers   vary: 'Accept-Encoding' }
431 silly get cb [ 200,
431 silly get   { server: 'CouchDB/1.5.0 (Erlang OTP/R16B03)',
431 silly get     etag: '"93YSVVM1FAH89MLGRQNW7X4ZE"',
431 silly get     'content-type': 'application/json',
431 silly get     'cache-control': 'max-age=300',
431 silly get     'content-length': '112619',
431 silly get     'accept-ranges': 'bytes',
431 silly get     date: 'Wed, 04 May 2016 17:13:30 GMT',
431 silly get     via: '1.1 varnish',
431 silly get     age: '222',
431 silly get     connection: 'keep-alive',
431 silly get     'x-served-by': 'cache-ams4122-AMS',
431 silly get     'x-cache': 'HIT',
431 silly get     'x-cache-hits': '1',
431 silly get     'x-timer': 'S1462382010.007938,VS0,VE0',
431 silly get     vary: 'Accept-Encoding' } ]
432 verbose get saving protractor to /home/elvis/.npm/registry.npmjs.org/protractor/.cache.json
433 verbose correctMkdir /home/elvis/.npm correctMkdir not in flight; initializing
434 silly addNameRange number 2 { name: 'protractor', range: '>=2.1.0 <3.0.0', hasData: true }
435 silly addNameRange versions [ 'protractor',
435 silly addNameRange   [ '0.1.0',
435 silly addNameRange     '0.1.1',
435 silly addNameRange     '0.1.2',
435 silly addNameRange     '0.1.3',
435 silly addNameRange     '0.2.0',
435 silly addNameRange     '0.2.1',
435 silly addNameRange     '0.3.0',
435 silly addNameRange     '0.4.0',
435 silly addNameRange     '0.4.1',
435 silly addNameRange     '0.5.0',
435 silly addNameRange     '0.6.1',
435 silly addNameRange     '0.7.0',
435 silly addNameRange     '0.8.0',
435 silly addNameRange     '0.9.0',
435 silly addNameRange     '0.10.0',
435 silly addNameRange     '0.11.0',
435 silly addNameRange     '0.12.0',
435 silly addNameRange     '0.12.1',
435 silly addNameRange     '0.13.0',
435 silly addNameRange     '0.14.0',
435 silly addNameRange     '0.15.0',
435 silly addNameRange     '0.16.0',
435 silly addNameRange     '0.16.1',
435 silly addNameRange     '0.17.0',
435 silly addNameRange     '0.18.0',
435 silly addNameRange     '0.18.1',
435 silly addNameRange     '0.19.0',
435 silly addNameRange     '0.20.0',
435 silly addNameRange     '0.20.1',
435 silly addNameRange     '0.21.0',
435 silly addNameRange     '0.22.0',
435 silly addNameRange     '0.23.0',
435 silly addNameRange     '0.23.1',
435 silly addNameRange     '0.24.0',
435 silly addNameRange     '0.24.1',
435 silly addNameRange     '0.24.2',
435 silly addNameRange     '1.0.0-rc1',
435 silly addNameRange     '1.0.0-rc2',
435 silly addNameRange     '1.0.0-rc3',
435 silly addNameRange     '1.0.0-rc4',
435 silly addNameRange     '1.0.0-rc5',
435 silly addNameRange     '1.0.0-rc6',
435 silly addNameRange     '1.0.0',
435 silly addNameRange     '1.1.0',
435 silly addNameRange     '1.1.1',
435 silly addNameRange     '1.2.0-beta1',
435 silly addNameRange     '1.2.0',
435 silly addNameRange     '1.3.0',
435 silly addNameRange     '1.3.1',
435 silly addNameRange     '1.4.0',
435 silly addNameRange     '1.5.0',
435 silly addNameRange     '1.6.0',
435 silly addNameRange     '1.6.1',
435 silly addNameRange     '1.7.0',
435 silly addNameRange     '1.8.0',
435 silly addNameRange     '2.0.0',
435 silly addNameRange     '2.1.0',
435 silly addNameRange     '2.2.0',
435 silly addNameRange     '2.3.0',
435 silly addNameRange     '2.4.0',
435 silly addNameRange     '2.5.0',
435 silly addNameRange     '2.5.1',
435 silly addNameRange     '3.0.0',
435 silly addNameRange     '3.1.0',
435 silly addNameRange     '3.1.1',
435 silly addNameRange     '3.2.0',
435 silly addNameRange     '3.2.1',
435 silly addNameRange     '3.2.2',
435 silly addNameRange     '0.0.0',
435 silly addNameRange     '3.3.0' ] ]
436 silly addNamed protractor@2.5.1
437 verbose addNamed "2.5.1" is a plain semver version for protractor
438 silly mapToRegistry name protractor
439 silly mapToRegistry using default registry
440 silly mapToRegistry registry https://registry.npmjs.org/
441 silly mapToRegistry data { raw: 'protractor',
441 silly mapToRegistry   scope: null,
441 silly mapToRegistry   name: 'protractor',
441 silly mapToRegistry   rawSpec: '',
441 silly mapToRegistry   spec: 'latest',
441 silly mapToRegistry   type: 'tag' }
442 silly mapToRegistry uri https://registry.npmjs.org/protractor
443 verbose addRemoteTarball https://registry.npmjs.org/protractor/-/protractor-2.5.1.tgz not in flight; adding
444 verbose addRemoteTarball [ 'https://registry.npmjs.org/protractor/-/protractor-2.5.1.tgz',
444 verbose addRemoteTarball   '03d6c93cd7c268f4250177d55a2fec8a198372cd' ]
445 info retry fetch attempt 1 at 18:13:31
446 info attempt registry request try #1 at 18:13:31
447 http fetch GET https://registry.npmjs.org/protractor/-/protractor-2.5.1.tgz
448 http 200 https://registry.npmjs.org/karma-jasmine
449 verbose headers { server: 'CouchDB/1.5.0 (Erlang OTP/R16B03)',
449 verbose headers   etag: '"5VQMW4CG0OJ8D70CRAF8BDWXZ"',
449 verbose headers   'content-type': 'application/json',
449 verbose headers   'cache-control': 'max-age=300',
449 verbose headers   'content-length': '50174',
449 verbose headers   'accept-ranges': 'bytes',
449 verbose headers   date: 'Wed, 04 May 2016 17:13:30 GMT',
449 verbose headers   via: '1.1 varnish',
449 verbose headers   age: '101',
449 verbose headers   connection: 'keep-alive',
449 verbose headers   'x-served-by': 'cache-ams4141-AMS',
449 verbose headers   'x-cache': 'HIT',
449 verbose headers   'x-cache-hits': '13',
449 verbose headers   'x-timer': 'S1462382010.672706,VS0,VE0',
449 verbose headers   vary: 'Accept-Encoding' }
450 silly get cb [ 200,
450 silly get   { server: 'CouchDB/1.5.0 (Erlang OTP/R16B03)',
450 silly get     etag: '"5VQMW4CG0OJ8D70CRAF8BDWXZ"',
450 silly get     'content-type': 'application/json',
450 silly get     'cache-control': 'max-age=300',
450 silly get     'content-length': '50174',
450 silly get     'accept-ranges': 'bytes',
450 silly get     date: 'Wed, 04 May 2016 17:13:30 GMT',
450 silly get     via: '1.1 varnish',
450 silly get     age: '101',
450 silly get     connection: 'keep-alive',
450 silly get     'x-served-by': 'cache-ams4141-AMS',
450 silly get     'x-cache': 'HIT',
450 silly get     'x-cache-hits': '13',
450 silly get     'x-timer': 'S1462382010.672706,VS0,VE0',
450 silly get     vary: 'Accept-Encoding' } ]
451 verbose get saving karma-jasmine to /home/elvis/.npm/registry.npmjs.org/karma-jasmine/.cache.json
452 verbose correctMkdir /home/elvis/.npm correctMkdir not in flight; initializing
453 silly addNameRange number 2 { name: 'karma-jasmine', range: '>=0.3.5 <0.4.0', hasData: true }
454 silly addNameRange versions [ 'karma-jasmine',
454 silly addNameRange   [ '0.0.1',
454 silly addNameRange     '0.0.2',
454 silly addNameRange     '0.0.3',
454 silly addNameRange     '0.1.0',
454 silly addNameRange     '0.1.1',
454 silly addNameRange     '0.1.2',
454 silly addNameRange     '0.1.3',
454 silly addNameRange     '0.1.4',
454 silly addNameRange     '0.1.5',
454 silly addNameRange     '0.2.0',
454 silly addNameRange     '0.2.1',
454 silly addNameRange     '0.2.2',
454 silly addNameRange     '0.2.3',
454 silly addNameRange     '0.3.0',
454 silly addNameRange     '0.3.1',
454 silly addNameRange     '0.3.2',
454 silly addNameRange     '0.3.3',
454 silly addNameRange     '0.3.4',
454 silly addNameRange     '0.3.5',
454 silly addNameRange     '0.3.6',
454 silly addNameRange     '0.1.6',
454 silly addNameRange     '0.3.7',
454 silly addNameRange     '0.3.8',
454 silly addNameRange     '1.0.0',
454 silly addNameRange     '1.0.2' ] ]
455 silly addNamed karma-jasmine@0.3.8
456 verbose addNamed "0.3.8" is a plain semver version for karma-jasmine
457 silly mapToRegistry name karma-jasmine
458 silly mapToRegistry using default registry
459 silly mapToRegistry registry https://registry.npmjs.org/
460 silly mapToRegistry data { raw: 'karma-jasmine',
460 silly mapToRegistry   scope: null,
460 silly mapToRegistry   name: 'karma-jasmine',
460 silly mapToRegistry   rawSpec: '',
460 silly mapToRegistry   spec: 'latest',
460 silly mapToRegistry   type: 'tag' }
461 silly mapToRegistry uri https://registry.npmjs.org/karma-jasmine
462 verbose addRemoteTarball https://registry.npmjs.org/karma-jasmine/-/karma-jasmine-0.3.8.tgz not in flight; adding
463 verbose addRemoteTarball [ 'https://registry.npmjs.org/karma-jasmine/-/karma-jasmine-0.3.8.tgz',
463 verbose addRemoteTarball   '5b6457791ad9b89aa173f079e3ebe1b8c805236c' ]
464 info retry fetch attempt 1 at 18:13:31
465 info attempt registry request try #1 at 18:13:31
466 http fetch GET https://registry.npmjs.org/karma-jasmine/-/karma-jasmine-0.3.8.tgz
467 http 200 https://registry.npmjs.org/karma
468 verbose headers { server: 'CouchDB/1.5.0 (Erlang OTP/R16B03)',
468 verbose headers   etag: '"66YT02HUUFPVM3KYIMOXS6DKC"',
468 verbose headers   'content-type': 'application/json',
468 verbose headers   'content-encoding': 'gzip',
468 verbose headers   'cache-control': 'max-age=300',
468 verbose headers   'content-length': '108313',
468 verbose headers   'accept-ranges': 'bytes',
468 verbose headers   date: 'Wed, 04 May 2016 17:13:29 GMT',
468 verbose headers   via: '1.1 varnish',
468 verbose headers   age: '185',
468 verbose headers   connection: 'keep-alive',
468 verbose headers   'x-served-by': 'cache-ams4129-AMS',
468 verbose headers   'x-cache': 'HIT',
468 verbose headers   'x-cache-hits': '3',
468 verbose headers   'x-timer': 'S1462382009.946513,VS0,VE0',
468 verbose headers   vary: 'Accept-Encoding' }
469 silly get cb [ 200,
469 silly get   { server: 'CouchDB/1.5.0 (Erlang OTP/R16B03)',
469 silly get     etag: '"66YT02HUUFPVM3KYIMOXS6DKC"',
469 silly get     'content-type': 'application/json',
469 silly get     'content-encoding': 'gzip',
469 silly get     'cache-control': 'max-age=300',
469 silly get     'content-length': '108313',
469 silly get     'accept-ranges': 'bytes',
469 silly get     date: 'Wed, 04 May 2016 17:13:29 GMT',
469 silly get     via: '1.1 varnish',
469 silly get     age: '185',
469 silly get     connection: 'keep-alive',
469 silly get     'x-served-by': 'cache-ams4129-AMS',
469 silly get     'x-cache': 'HIT',
469 silly get     'x-cache-hits': '3',
469 silly get     'x-timer': 'S1462382009.946513,VS0,VE0',
469 silly get     vary: 'Accept-Encoding' } ]
470 verbose get saving karma to /home/elvis/.npm/registry.npmjs.org/karma/.cache.json
471 verbose correctMkdir /home/elvis/.npm correctMkdir not in flight; initializing
472 http fetch 200 https://registry.npmjs.org/shelljs/-/shelljs-0.2.6.tgz
473 http fetch 200 https://registry.npmjs.org/karma-junit-reporter/-/karma-junit-reporter-0.2.2.tgz
474 silly fetchAndShaCheck shasum 4cdd4e21affd3e090e7ba73e3c766ea9e13c45ba
475 silly fetchAndShaCheck shasum 90492d72ffcc8159976baba62fb0f6884f0c3378
476 verbose addTmpTarball /tmp/npm-2236-348bc6e1/registry.npmjs.org/karma-junit-reporter/-/karma-junit-reporter-0.2.2.tgz not in flight; adding
477 verbose addTmpTarball already have metadata; skipping unpack for karma-junit-reporter@0.2.2
478 verbose correctMkdir /home/elvis/.npm correctMkdir not in flight; initializing
479 silly addNameRange number 2 { name: 'karma', range: '>=0.12.0 <0.13.0', hasData: true }
480 silly addNameRange versions [ 'karma',
480 silly addNameRange   [ '0.8.0',
480 silly addNameRange     '0.9.0-dart',
480 silly addNameRange     '0.8.1',
480 silly addNameRange     '0.8.2',
480 silly addNameRange     '0.8.3',
480 silly addNameRange     '0.9.0',
480 silly addNameRange     '0.8.4',
480 silly addNameRange     '0.9.1',
480 silly addNameRange     '0.8.5',
480 silly addNameRange     '0.9.2',
480 silly addNameRange     '0.9.2-dart',
480 silly addNameRange     '0.9.3',
480 silly addNameRange     '0.8.6',
480 silly addNameRange     '0.9.4',
480 silly addNameRange     '0.8.7',
480 silly addNameRange     '0.9.5',
480 silly addNameRange     '0.9.6',
480 silly addNameRange     '0.8.8',
480 silly addNameRange     '0.9.7',
480 silly addNameRange     '0.9.8',
480 silly addNameRange     '0.10.0',
480 silly addNameRange     '0.10.1',
480 silly addNameRange     '0.10.2',
480 silly addNameRange     '0.11.0',
480 silly addNameRange     '0.11.1',
480 silly addNameRange     '0.10.3',
480 silly addNameRange     '0.10.4',
480 silly addNameRange     '0.11.2',
480 silly addNameRange     '0.11.3',
480 silly addNameRange     '0.10.5',
480 silly addNameRange     '0.11.4',
480 silly addNameRange     '0.11.5',
480 silly addNameRange     '0.10.6',
480 silly addNameRange     '0.11.6',
480 silly addNameRange     '0.10.7',
480 silly addNameRange     '0.11.7',
480 silly addNameRange     '0.11.8',
480 silly addNameRange     '0.11.9',
480 silly addNameRange     '0.10.8',
480 silly addNameRange     '0.11.10',
480 silly addNameRange     '0.11.11',
480 silly addNameRange     '0.11.12',
480 silly addNameRange     '0.11.11-dev',
480 silly addNameRange     '0.10.9',
480 silly addNameRange     '0.11.12-dev',
480 silly addNameRange     '0.11.12-dev2',
480 silly addNameRange     '0.11.13',
480 silly addNameRange     '0.11.14',
480 silly addNameRange     '0.12.0',
480 silly addNameRange     '0.10.10',
480 silly addNameRange     '0.12.1',
480 silly addNameRange     '0.12.2',
480 silly addNameRange     '0.12.3',
480 silly addNameRange     '0.12.4',
480 silly addNameRange     '0.12.5',
480 silly addNameRange     '0.12.6',
480 silly addNameRange     '0.12.6-beta-43e6e28',
480 silly addNameRange     '0.12.7',
480 silly addNameRange     '0.12.8',
480 silly addNameRange     '0.12.9',
480 silly addNameRange     '0.12.10',
480 silly addNameRange     '0.12.11',
480 silly addNameRange     '0.12.12',
480 silly addNameRange     '0.12.11-beta-3029418',
480 silly addNameRange     '0.12.13',
480 silly addNameRange     '0.12.14',
480 silly addNameRange     '0.12.15',
480 silly addNameRange     '0.12.16',
480 silly addNameRange     '0.12.16-beta-905422d',
480 silly addNameRange     '0.12.17',
480 silly addNameRange     '0.12.18',
480 silly addNameRange     '0.12.19',
480 silly addNameRange     '0.12.20',
480 silly addNameRange     '0.12.21',
480 silly addNameRange     '0.12.22',
480 silly addNameRange     '0.12.23',
480 silly addNameRange     '0.12.24',
480 silly addNameRange     '0.12.24-beta-6cf7955',
480 silly addNameRange     '0.12.25',
480 silly addNameRange     '0.12.25-beta-37a7958',
480 silly addNameRange     '0.12.25-beta-ad5bc24',
480 silly addNameRange     '0.12.26',
480 silly addNameRange     '0.12.27',
480 silly addNameRange     '0.12.28',
480 silly addNameRange     '0.12.28-beta-b9be580',
480 silly addNameRange     '0.12.29',
480 silly addNameRange     '0.12.30',
480 silly addNameRange     '0.12.31',
480 silly addNameRange     '0.12.28-beta-f65c864',
480 silly addNameRange     '0.12.24-dev-test',
480 silly addNameRange     '0.12.24-dev-socketio10',
480 silly addNameRange     '0.12.24-dev-socketio10-2',
480 silly addNameRange     '0.12.32-beta.0',
480 silly addNameRange     '0.12.32',
480 silly addNameRange     '0.13.0-rc.0',
480 silly addNameRange     '0.12.33',
480 silly addNameRange     '0.13.0-rc.1',
480 silly addNameRange     '0.12.34',
480 silly addNameRange     '0.13.0-rc.2',
480 silly addNameRange     '0.12.35',
480 silly addNameRange     '0.13.0-rc.3',
480 silly addNameRange     '0.12.36',
480 silly addNameRange     '0.13.0-rc.4',
480 silly addNameRange     '0.12.37',
480 silly addNameRange     '0.13.0-rc.5',
480 silly addNameRange     '0.13.0-rc.6',
480 silly addNameRange     '0.13.0-rc.7',
480 silly addNameRange     '0.13.0-rc.8',
480 silly addNameRange     '0.13.0-rc.9',
480 silly addNameRange     '0.13.0',
480 silly addNameRange     '0.13.1',
480 silly addNameRange     '0.13.2',
480 silly addNameRange     '0.13.3',
480 silly addNameRange     '0.13.4',
480 silly addNameRange     '0.13.5',
480 silly addNameRange     '0.13.6',
480 silly addNameRange     '0.13.7',
480 silly addNameRange     '0.13.8',
480 silly addNameRange     '0.13.9',
480 silly addNameRange     '0.13.10',
480 silly addNameRange     '0.13.11',
480 silly addNameRange     '0.13.12',
480 silly addNameRange     '0.13.13',
480 silly addNameRange     '0.13.14',
480 silly addNameRange     '0.13.15',
480 silly addNameRange     '0.13.16',
480 silly addNameRange     '0.13.17',
480 silly addNameRange     '0.13.18',
480 silly addNameRange     '0.13.19',
480 silly addNameRange     '0.13.20',
480 silly addNameRange     '0.13.21',
480 silly addNameRange     '0.13.22' ] ]
481 silly addNamed karma@0.12.37
482 verbose addNamed "0.12.37" is a plain semver version for karma
483 verbose addTmpTarball /tmp/npm-2236-348bc6e1/registry.npmjs.org/shelljs/-/shelljs-0.2.6.tgz not in flight; adding
484 verbose addTmpTarball already have metadata; skipping unpack for shelljs@0.2.6
485 verbose correctMkdir /home/elvis/.npm correctMkdir not in flight; initializing
486 silly mapToRegistry name karma
487 silly mapToRegistry using default registry
488 silly mapToRegistry registry https://registry.npmjs.org/
489 silly mapToRegistry data { raw: 'karma',
489 silly mapToRegistry   scope: null,
489 silly mapToRegistry   name: 'karma',
489 silly mapToRegistry   rawSpec: '',
489 silly mapToRegistry   spec: 'latest',
489 silly mapToRegistry   type: 'tag' }
490 silly mapToRegistry uri https://registry.npmjs.org/karma
491 verbose addRemoteTarball https://registry.npmjs.org/karma/-/karma-0.12.37.tgz not in flight; adding
492 verbose addRemoteTarball [ 'https://registry.npmjs.org/karma/-/karma-0.12.37.tgz',
492 verbose addRemoteTarball   '1a9f7fdeccd69de2e835e04edbac2ecd3fa645e4' ]
493 info retry fetch attempt 1 at 18:13:31
494 info attempt registry request try #1 at 18:13:31
495 http fetch GET https://registry.npmjs.org/karma/-/karma-0.12.37.tgz
496 silly cache afterAdd karma-junit-reporter@0.2.2
497 verbose afterAdd /home/elvis/.npm/karma-junit-reporter/0.2.2/package/package.json not in flight; writing
498 verbose correctMkdir /home/elvis/.npm correctMkdir not in flight; initializing
499 silly cache afterAdd shelljs@0.2.6
500 verbose afterAdd /home/elvis/.npm/shelljs/0.2.6/package/package.json not in flight; writing
501 verbose correctMkdir /home/elvis/.npm correctMkdir not in flight; initializing
502 verbose afterAdd /home/elvis/.npm/karma-junit-reporter/0.2.2/package/package.json written
503 verbose afterAdd /home/elvis/.npm/shelljs/0.2.6/package/package.json written
504 http 200 https://registry.npmjs.org/angular-mocks
505 verbose headers { server: 'CouchDB/1.5.0 (Erlang OTP/R16B03)',
505 verbose headers   etag: '"7NSWVMVDHT8DQ72OWBXJY4IAJ"',
505 verbose headers   'content-type': 'application/json',
505 verbose headers   'cache-control': 'max-age=300',
505 verbose headers   'content-length': '76311',
505 verbose headers   'accept-ranges': 'bytes',
505 verbose headers   date: 'Wed, 04 May 2016 17:13:30 GMT',
505 verbose headers   via: '1.1 varnish',
505 verbose headers   age: '100',
505 verbose headers   connection: 'keep-alive',
505 verbose headers   'x-served-by': 'cache-ams4144-AMS',
505 verbose headers   'x-cache': 'HIT',
505 verbose headers   'x-cache-hits': '1',
505 verbose headers   'x-timer': 'S1462382010.035436,VS0,VE0',
505 verbose headers   vary: 'Accept-Encoding' }
506 silly get cb [ 200,
506 silly get   { server: 'CouchDB/1.5.0 (Erlang OTP/R16B03)',
506 silly get     etag: '"7NSWVMVDHT8DQ72OWBXJY4IAJ"',
506 silly get     'content-type': 'application/json',
506 silly get     'cache-control': 'max-age=300',
506 silly get     'content-length': '76311',
506 silly get     'accept-ranges': 'bytes',
506 silly get     date: 'Wed, 04 May 2016 17:13:30 GMT',
506 silly get     via: '1.1 varnish',
506 silly get     age: '100',
506 silly get     connection: 'keep-alive',
506 silly get     'x-served-by': 'cache-ams4144-AMS',
506 silly get     'x-cache': 'HIT',
506 silly get     'x-cache-hits': '1',
506 silly get     'x-timer': 'S1462382010.035436,VS0,VE0',
506 silly get     vary: 'Accept-Encoding' } ]
507 verbose get saving angular-mocks to /home/elvis/.npm/registry.npmjs.org/angular-mocks/.cache.json
508 verbose correctMkdir /home/elvis/.npm correctMkdir not in flight; initializing
509 silly addNameRange number 2 { name: 'angular-mocks', range: '>=1.4.0 <1.5.0', hasData: true }
510 silly addNameRange versions [ 'angular-mocks',
510 silly addNameRange   [ '1.2.18',
510 silly addNameRange     '1.2.19',
510 silly addNameRange     '1.2.20',
510 silly addNameRange     '1.2.21',
510 silly addNameRange     '1.2.22',
510 silly addNameRange     '1.2.25',
510 silly addNameRange     '1.3.0-rc.5',
510 silly addNameRange     '1.3.0',
510 silly addNameRange     '1.3.1',
510 silly addNameRange     '1.3.2',
510 silly addNameRange     '1.3.3',
510 silly addNameRange     '1.3.4-build.3588',
510 silly addNameRange     '1.2.27',
510 silly addNameRange     '1.3.4',
510 silly addNameRange     '1.3.5',
510 silly addNameRange     '1.3.6',
510 silly addNameRange     '1.3.7',
510 silly addNameRange     '1.2.28',
510 silly addNameRange     '1.3.8',
510 silly addNameRange     '1.4.0-beta.0',
510 silly addNameRange     '1.3.9',
510 silly addNameRange     '1.3.10',
510 silly addNameRange     '1.4.0-beta.1',
510 silly addNameRange     '1.4.0-beta.2',
510 silly addNameRange     '1.3.11',
510 silly addNameRange     '1.4.0-beta.3',
510 silly addNameRange     '1.3.12',
510 silly addNameRange     '1.3.13',
510 silly addNameRange     '1.4.0-beta.4',
510 silly addNameRange     '1.3.14',
510 silly addNameRange     '1.4.0-beta.5',
510 silly addNameRange     '1.4.0-beta.6',
510 silly addNameRange     '1.3.15',
510 silly addNameRange     '1.4.0-rc.0',
510 silly addNameRange     '1.4.0-rc.1',
510 silly addNameRange     '1.4.0-rc.2',
510 silly addNameRange     '1.4.0',
510 silly addNameRange     '1.3.16',
510 silly addNameRange     '1.4.1',
510 silly addNameRange     '1.4.2',
510 silly addNameRange     '1.3.17',
510 silly addNameRange     '1.4.3',
510 silly addNameRange     '1.4.4',
510 silly addNameRange     '1.3.18',
510 silly addNameRange     '1.4.5',
510 silly addNameRange     '1.3.19',
510 silly addNameRange     '1.4.6',
510 silly addNameRange     '1.5.0-beta.0',
510 silly addNameRange     '1.2.29',
510 silly addNameRange     '1.3.20',
510 silly addNameRange     '1.4.7',
510 silly addNameRange     '1.5.0-beta.2',
510 silly addNameRange     '1.4.8',
510 silly addNameRange     '1.5.0-rc.0',
510 silly addNameRange     '1.5.0-rc.1',
510 silly addNameRange     '1.4.9',
510 silly addNameRange     '1.5.0-rc.2',
510 silly addNameRange     '1.5.0',
510 silly addNameRange     '1.5.1',
510 silly addNameRange     '1.4.10',
510 silly addNameRange     '1.5.2',
510 silly addNameRange     '1.5.3',
510 silly addNameRange     '1.5.5' ] ]
511 silly addNamed angular-mocks@1.4.10
512 verbose addNamed "1.4.10" is a plain semver version for angular-mocks
513 silly mapToRegistry name angular-mocks
514 silly mapToRegistry using default registry
515 silly mapToRegistry registry https://registry.npmjs.org/
516 silly mapToRegistry data { raw: 'angular-mocks',
516 silly mapToRegistry   scope: null,
516 silly mapToRegistry   name: 'angular-mocks',
516 silly mapToRegistry   rawSpec: '',
516 silly mapToRegistry   spec: 'latest',
516 silly mapToRegistry   type: 'tag' }
517 silly mapToRegistry uri https://registry.npmjs.org/angular-mocks
518 verbose addRemoteTarball https://registry.npmjs.org/angular-mocks/-/angular-mocks-1.4.10.tgz not in flight; adding
519 verbose addRemoteTarball [ 'https://registry.npmjs.org/angular-mocks/-/angular-mocks-1.4.10.tgz',
519 verbose addRemoteTarball   '14e08a3126041d9decf0f4b86362d1ee569302da' ]
520 info retry fetch attempt 1 at 18:13:32
521 info attempt registry request try #1 at 18:13:32
522 http fetch GET https://registry.npmjs.org/angular-mocks/-/angular-mocks-1.4.10.tgz
523 http fetch 200 https://registry.npmjs.org/karma-firefox-launcher/-/karma-firefox-launcher-0.1.7.tgz
524 silly fetchAndShaCheck shasum c05dd86533691e62f31952595098e8bd357d39f3
525 verbose addTmpTarball /tmp/npm-2236-348bc6e1/registry.npmjs.org/karma-firefox-launcher/-/karma-firefox-launcher-0.1.7.tgz not in flight; adding
526 verbose addTmpTarball already have metadata; skipping unpack for karma-firefox-launcher@0.1.7
527 verbose correctMkdir /home/elvis/.npm correctMkdir not in flight; initializing
528 silly cache afterAdd karma-firefox-launcher@0.1.7
529 verbose afterAdd /home/elvis/.npm/karma-firefox-launcher/0.1.7/package/package.json not in flight; writing
530 verbose correctMkdir /home/elvis/.npm correctMkdir not in flight; initializing
531 verbose afterAdd /home/elvis/.npm/karma-firefox-launcher/0.1.7/package/package.json written
532 http fetch 200 https://registry.npmjs.org/karma-chrome-launcher/-/karma-chrome-launcher-0.1.12.tgz
533 silly fetchAndShaCheck shasum 0ac0e22e573650f6541312fdca795c3824ccf962
534 verbose addTmpTarball /tmp/npm-2236-348bc6e1/registry.npmjs.org/karma-chrome-launcher/-/karma-chrome-launcher-0.1.12.tgz not in flight; adding
535 verbose addTmpTarball already have metadata; skipping unpack for karma-chrome-launcher@0.1.12
536 verbose correctMkdir /home/elvis/.npm correctMkdir not in flight; initializing
537 silly cache afterAdd karma-chrome-launcher@0.1.12
538 verbose afterAdd /home/elvis/.npm/karma-chrome-launcher/0.1.12/package/package.json not in flight; writing
539 verbose correctMkdir /home/elvis/.npm correctMkdir not in flight; initializing
540 verbose afterAdd /home/elvis/.npm/karma-chrome-launcher/0.1.12/package/package.json written
541 http fetch 200 https://registry.npmjs.org/karma-jasmine/-/karma-jasmine-0.3.8.tgz
542 silly fetchAndShaCheck shasum 5b6457791ad9b89aa173f079e3ebe1b8c805236c
543 verbose addTmpTarball /tmp/npm-2236-348bc6e1/registry.npmjs.org/karma-jasmine/-/karma-jasmine-0.3.8.tgz not in flight; adding
544 verbose addTmpTarball already have metadata; skipping unpack for karma-jasmine@0.3.8
545 verbose correctMkdir /home/elvis/.npm correctMkdir not in flight; initializing
546 silly cache afterAdd karma-jasmine@0.3.8
547 verbose afterAdd /home/elvis/.npm/karma-jasmine/0.3.8/package/package.json not in flight; writing
548 verbose correctMkdir /home/elvis/.npm correctMkdir not in flight; initializing
549 verbose afterAdd /home/elvis/.npm/karma-jasmine/0.3.8/package/package.json written
550 http fetch 200 https://registry.npmjs.org/protractor/-/protractor-2.5.1.tgz
551 http fetch 200 https://registry.npmjs.org/karma/-/karma-0.12.37.tgz
552 http fetch 200 https://registry.npmjs.org/angular-mocks/-/angular-mocks-1.4.10.tgz
553 silly fetchAndShaCheck shasum 14e08a3126041d9decf0f4b86362d1ee569302da
554 verbose addTmpTarball /tmp/npm-2236-348bc6e1/registry.npmjs.org/angular-mocks/-/angular-mocks-1.4.10.tgz not in flight; adding
555 verbose addTmpTarball already have metadata; skipping unpack for angular-mocks@1.4.10
556 verbose correctMkdir /home/elvis/.npm correctMkdir not in flight; initializing
557 silly cache afterAdd angular-mocks@1.4.10
558 verbose afterAdd /home/elvis/.npm/angular-mocks/1.4.10/package/package.json not in flight; writing
559 verbose correctMkdir /home/elvis/.npm correctMkdir not in flight; initializing
560 verbose afterAdd /home/elvis/.npm/angular-mocks/1.4.10/package/package.json written
561 silly fetchAndShaCheck shasum 1a9f7fdeccd69de2e835e04edbac2ecd3fa645e4
562 verbose addTmpTarball /tmp/npm-2236-348bc6e1/registry.npmjs.org/karma/-/karma-0.12.37.tgz not in flight; adding
563 verbose addTmpTarball already have metadata; skipping unpack for karma@0.12.37
564 verbose correctMkdir /home/elvis/.npm correctMkdir not in flight; initializing
565 silly cache afterAdd karma@0.12.37
566 verbose afterAdd /home/elvis/.npm/karma/0.12.37/package/package.json not in flight; writing
567 verbose correctMkdir /home/elvis/.npm correctMkdir not in flight; initializing
568 verbose afterAdd /home/elvis/.npm/karma/0.12.37/package/package.json written
569 http fetch 200 https://registry.npmjs.org/jasmine-core/-/jasmine-core-2.4.1.tgz
570 http fetch 200 https://registry.npmjs.org/http-server/-/http-server-0.6.1.tgz
571 silly fetchAndShaCheck shasum 6f83ab3a0f16951722ce07d206c773d57cc838be
572 verbose addTmpTarball /tmp/npm-2236-348bc6e1/registry.npmjs.org/jasmine-core/-/jasmine-core-2.4.1.tgz not in flight; adding
573 verbose addTmpTarball already have metadata; skipping unpack for jasmine-core@2.4.1
574 verbose correctMkdir /home/elvis/.npm correctMkdir not in flight; initializing
575 silly cache afterAdd jasmine-core@2.4.1
576 verbose afterAdd /home/elvis/.npm/jasmine-core/2.4.1/package/package.json not in flight; writing
577 verbose correctMkdir /home/elvis/.npm correctMkdir not in flight; initializing
578 verbose afterAdd /home/elvis/.npm/jasmine-core/2.4.1/package/package.json written
579 http fetch 200 https://registry.npmjs.org/angular-route/-/angular-route-1.4.10.tgz
580 silly fetchAndShaCheck shasum c6f0c367c990e06c26ae55b8a025e9584de57372
581 verbose addTmpTarball /tmp/npm-2236-348bc6e1/registry.npmjs.org/angular-route/-/angular-route-1.4.10.tgz not in flight; adding
582 verbose addTmpTarball already have metadata; skipping unpack for angular-route@1.4.10
583 verbose correctMkdir /home/elvis/.npm correctMkdir not in flight; initializing
584 silly cache afterAdd angular-route@1.4.10
585 verbose afterAdd /home/elvis/.npm/angular-route/1.4.10/package/package.json not in flight; writing
586 verbose correctMkdir /home/elvis/.npm correctMkdir not in flight; initializing
587 verbose afterAdd /home/elvis/.npm/angular-route/1.4.10/package/package.json written
588 silly fetchAndShaCheck shasum 06fce65cf2bd4132a578bdac62ffacb97d613981
589 verbose addTmpTarball /tmp/npm-2236-348bc6e1/registry.npmjs.org/http-server/-/http-server-0.6.1.tgz not in flight; adding
590 verbose addTmpTarball already have metadata; skipping unpack for http-server@0.6.1
591 verbose correctMkdir /home/elvis/.npm correctMkdir not in flight; initializing
592 silly cache afterAdd http-server@0.6.1
593 verbose afterAdd /home/elvis/.npm/http-server/0.6.1/package/package.json not in flight; writing
594 verbose correctMkdir /home/elvis/.npm correctMkdir not in flight; initializing
595 verbose afterAdd /home/elvis/.npm/http-server/0.6.1/package/package.json written
596 silly fetchAndShaCheck shasum 03d6c93cd7c268f4250177d55a2fec8a198372cd
597 verbose addTmpTarball /tmp/npm-2236-348bc6e1/registry.npmjs.org/protractor/-/protractor-2.5.1.tgz not in flight; adding
598 verbose addTmpTarball already have metadata; skipping unpack for protractor@2.5.1
599 verbose correctMkdir /home/elvis/.npm correctMkdir not in flight; initializing
600 silly cache afterAdd protractor@2.5.1
601 verbose afterAdd /home/elvis/.npm/protractor/2.5.1/package/package.json not in flight; writing
602 verbose correctMkdir /home/elvis/.npm correctMkdir not in flight; initializing
603 verbose afterAdd /home/elvis/.npm/protractor/2.5.1/package/package.json written
604 verbose stack Error: Registry returned 404 for GET on https://registry.npmjs.org/html5-boilerplate
604 verbose stack     at makeError (/usr/lib/node_modules/npm/node_modules/npm-registry-client/lib/request.js:264:12)
604 verbose stack     at CachingRegistryClient.<anonymous> (/usr/lib/node_modules/npm/node_modules/npm-registry-client/lib/request.js:242:14)
604 verbose stack     at Request._callback (/usr/lib/node_modules/npm/node_modules/npm-registry-client/lib/request.js:172:14)
604 verbose stack     at Request.self.callback (/usr/lib/node_modules/npm/node_modules/request/request.js:199:22)
604 verbose stack     at Request.emit (events.js:98:17)
604 verbose stack     at Request.<anonymous> (/usr/lib/node_modules/npm/node_modules/request/request.js:1036:10)
604 verbose stack     at Request.emit (events.js:117:20)
604 verbose stack     at IncomingMessage.<anonymous> (/usr/lib/node_modules/npm/node_modules/request/request.js:963:12)
604 verbose stack     at IncomingMessage.emit (events.js:117:20)
604 verbose stack     at _stream_readable.js:944:16
605 verbose statusCode 404
606 verbose pkgid html5-boilerplate
607 verbose cwd /home/elvis/www/alertcam/front-end
608 error Linux 3.19.0-25-generic
609 error argv "/usr/bin/node" "/usr/bin/npm" "install"
610 error node v0.10.44
611 error npm  v2.15.0
612 error code E404
613 error 404 Registry returned 404 for GET on https://registry.npmjs.org/html5-boilerplate
613 error 404
613 error 404 'html5-boilerplate' is not in the npm registry.
613 error 404 You should bug the author to publish it (or use the name yourself!)
613 error 404 It was specified as a dependency of 'alertcam'
613 error 404
613 error 404 Note that you can also install from a
613 error 404 tarball, folder, http url, or git url.
614 verbose exit [ 1, true ]
